<?xml version="1.0" encoding="UTF-8"?>
<coverage generated="1756761266823" clover="3.2.0">
  <project timestamp="1756761266823" name="All files">
    <metrics statements="531" coveredstatements="487" conditionals="248" coveredconditionals="200" methods="83" coveredmethods="58" elements="862" coveredelements="745" complexity="0" loc="531" ncloc="531" packages="1" files="5" classes="5"/>
    <file name="db.ts" path="/Users/mbp/Development/el-dorado-score-keeper/lib/state/db.ts">
      <metrics statements="33" coveredstatements="33" conditionals="7" coveredconditionals="7" methods="5" coveredmethods="4"/>
      <line num="1" count="1" type="stmt"/>
      <line num="2" count="1" type="stmt"/>
      <line num="3" count="1" type="stmt"/>
      <line num="4" count="1" type="stmt"/>
      <line num="5" count="1" type="stmt"/>
      <line num="6" count="1" type="stmt"/>
      <line num="10" count="1" type="cond" truecount="1" falsecount="0"/>
      <line num="11" count="3048" type="stmt"/>
      <line num="12" count="3048" type="stmt"/>
      <line num="17" count="1" type="stmt"/>
      <line num="18" count="1" type="stmt"/>
      <line num="19" count="1" type="stmt"/>
      <line num="21" count="85" type="cond" truecount="1" falsecount="0"/>
      <line num="23" count="85" type="stmt"/>
      <line num="24" count="85" type="cond" truecount="1" falsecount="0"/>
      <line num="25" count="40" type="stmt"/>
      <line num="26" count="40" type="cond" truecount="1" falsecount="0"/>
      <line num="28" count="40" type="cond" truecount="1" falsecount="0"/>
      <line num="29" count="39" type="stmt"/>
      <line num="30" count="39" type="stmt"/>
      <line num="31" count="39" type="stmt"/>
      <line num="32" count="39" type="stmt"/>
      <line num="33" count="39" type="stmt"/>
      <line num="35" count="40" type="stmt"/>
      <line num="36" count="40" type="stmt"/>
      <line num="37" count="40" type="stmt"/>
      <line num="38" count="40" type="stmt"/>
      <line num="39" count="40" type="stmt"/>
      <line num="40" count="85" type="cond" truecount="1" falsecount="0"/>
      <line num="41" count="85" type="cond" truecount="1" falsecount="0"/>
      <line num="42" count="85" type="stmt"/>
      <line num="43" count="85" type="stmt"/>
      <line num="44" count="85" type="stmt"/>
    </file>
    <file name="events.ts" path="/Users/mbp/Development/el-dorado-score-keeper/lib/state/events.ts">
      <metrics statements="19" coveredstatements="19" conditionals="7" coveredconditionals="7" methods="9" coveredmethods="3"/>
      <line num="1" count="1" type="stmt"/>
      <line num="6" count="1" type="cond" truecount="1" falsecount="0"/>
      <line num="7" count="992" type="stmt"/>
      <line num="8" count="992" type="stmt"/>
      <line num="9" count="992" type="stmt"/>
      <line num="10" count="992" type="cond" truecount="2" falsecount="0"/>
      <line num="11" count="992" type="cond" truecount="2" falsecount="0"/>
      <line num="12" count="992" type="stmt"/>
      <line num="13" count="992" type="stmt"/>
      <line num="15" count="1" type="stmt"/>
      <line num="16" count="1" type="cond" truecount="1" falsecount="0"/>
      <line num="17" count="1" type="stmt"/>
      <line num="18" count="1" type="stmt"/>
      <line num="19" count="1" type="cond" truecount="1" falsecount="0"/>
      <line num="20" count="1" type="stmt"/>
      <line num="21" count="1" type="stmt"/>
      <line num="22" count="1" type="stmt"/>
      <line num="23" count="1" type="stmt"/>
      <line num="24" count="1" type="stmt"/>
    </file>
    <file name="instance.ts" path="/Users/mbp/Development/el-dorado-score-keeper/lib/state/instance.ts">
      <metrics statements="391" coveredstatements="353" conditionals="209" coveredconditionals="163" methods="63" coveredmethods="45"/>
      <line num="1" count="1" type="stmt"/>
      <line num="16" count="51" type="cond" truecount="1" falsecount="0"/>
      <line num="17" count="51" type="cond" truecount="0" falsecount="1"/>
      <line num="18" count="51" type="cond" truecount="1" falsecount="0"/>
      <line num="19" count="51" type="stmt"/>
      <line num="20" count="51" type="stmt"/>
      <line num="21" count="51" type="stmt"/>
      <line num="22" count="51" type="stmt"/>
      <line num="23" count="0" type="stmt"/>
      <line num="24" count="0" type="stmt"/>
      <line num="25" count="0" type="stmt"/>
      <line num="26" count="51" type="cond" truecount="2" falsecount="0"/>
      <line num="27" count="51" type="cond" truecount="0" falsecount="1"/>
      <line num="28" count="51" type="cond" truecount="1" falsecount="0"/>
      <line num="29" count="45" type="cond" truecount="0" falsecount="1"/>
      <line num="30" count="45" type="cond" truecount="1" falsecount="1"/>
      <line num="31" count="45" type="stmt"/>
      <line num="32" count="51" type="stmt"/>
      <line num="33" count="51" type="stmt"/>
      <line num="34" count="51" type="stmt"/>
      <line num="35" count="51" type="stmt"/>
      <line num="36" count="51" type="cond" truecount="1" falsecount="1"/>
      <line num="38" count="51" type="stmt"/>
      <line num="39" count="51" type="cond" truecount="1" falsecount="0"/>
      <line num="40" count="51" type="cond" truecount="1" falsecount="0"/>
      <line num="41" count="51" type="cond" truecount="1" falsecount="0"/>
      <line num="43" count="51" type="stmt"/>
      <line num="44" count="51" type="cond" truecount="1" falsecount="0"/>
      <line num="45" count="906" type="cond" truecount="0" falsecount="1"/>
      <line num="46" count="906" type="stmt"/>
      <line num="48" count="906" type="stmt"/>
      <line num="49" count="906" type="stmt"/>
      <line num="50" count="906" type="stmt"/>
      <line num="52" count="51" type="cond" truecount="1" falsecount="0"/>
      <line num="55" count="50" type="cond" truecount="3" falsecount="0"/>
      <line num="56" count="17" type="cond" truecount="0" falsecount="1"/>
      <line num="57" count="0" type="stmt"/>
      <line num="58" count="0" type="stmt"/>
      <line num="59" count="0" type="stmt"/>
      <line num="60" count="50" type="stmt"/>
      <line num="62" count="51" type="cond" truecount="1" falsecount="0"/>
      <line num="63" count="53" type="cond" truecount="3" falsecount="0"/>
      <line num="64" count="3" type="stmt"/>
      <line num="65" count="3" type="stmt"/>
      <line num="66" count="3" type="cond" truecount="1" falsecount="0"/>
      <line num="67" count="50" type="stmt"/>
      <line num="68" count="50" type="stmt"/>
      <line num="69" count="50" type="stmt"/>
      <line num="70" count="50" type="cond" truecount="1" falsecount="0"/>
      <line num="71" count="50" type="cond" truecount="2" falsecount="0"/>
      <line num="72" count="50" type="stmt"/>
      <line num="73" count="50" type="stmt"/>
      <line num="74" count="50" type="stmt"/>
      <line num="75" count="53" type="cond" truecount="0" falsecount="1"/>
      <line num="76" count="0" type="stmt"/>
      <line num="77" count="0" type="stmt"/>
      <line num="78" count="53" type="stmt"/>
      <line num="80" count="51" type="cond" truecount="1" falsecount="0"/>
      <line num="81" count="52" type="cond" truecount="2" falsecount="0"/>
      <line num="83" count="50" type="stmt"/>
      <line num="84" count="50" type="cond" truecount="3" falsecount="0"/>
      <line num="86" count="7" type="stmt"/>
      <line num="87" count="7" type="stmt"/>
      <line num="88" count="7" type="stmt"/>
      <line num="89" count="7" type="stmt"/>
      <line num="90" count="7" type="stmt"/>
      <line num="91" count="7" type="stmt"/>
      <line num="92" count="7" type="cond" truecount="1" falsecount="0"/>
      <line num="93" count="7" type="cond" truecount="1" falsecount="0"/>
      <line num="94" count="46" type="stmt"/>
      <line num="95" count="46" type="cond" truecount="2" falsecount="0"/>
      <line num="96" count="39" type="stmt"/>
      <line num="97" count="46" type="cond" truecount="1" falsecount="0"/>
      <line num="98" count="7" type="stmt"/>
      <line num="99" count="46" type="cond" truecount="1" falsecount="0"/>
      <line num="101" count="32" type="cond" truecount="1" falsecount="0"/>
      <line num="102" count="6" type="stmt"/>
      <line num="103" count="6" type="stmt"/>
      <line num="104" count="32" type="cond" truecount="1" falsecount="0"/>
      <line num="105" count="39" type="stmt"/>
      <line num="106" count="46" type="stmt"/>
      <line num="107" count="7" type="stmt"/>
      <line num="108" count="7" type="stmt"/>
      <line num="109" count="12" type="cond" truecount="0" falsecount="1"/>
      <line num="110" count="0" type="stmt"/>
      <line num="111" count="0" type="cond" truecount="1" falsecount="0"/>
      <line num="112" count="7" type="cond" truecount="2" falsecount="0"/>
      <line num="113" count="4" type="stmt"/>
      <line num="114" count="4" type="stmt"/>
      <line num="115" count="12" type="cond" truecount="1" falsecount="0"/>
      <line num="116" count="6" type="stmt"/>
      <line num="117" count="6" type="cond" truecount="2" falsecount="0"/>
      <line num="118" count="6" type="cond" truecount="1" falsecount="0"/>
      <line num="119" count="12" type="cond" truecount="0" falsecount="1"/>
      <line num="121" count="0" type="stmt"/>
      <line num="122" count="52" type="stmt"/>
      <line num="124" count="51" type="cond" truecount="3" falsecount="0"/>
      <line num="125" count="51" type="cond" truecount="1" falsecount="0"/>
      <line num="126" count="11" type="cond" truecount="1" falsecount="1"/>
      <line num="128" count="11" type="cond" truecount="3" falsecount="0"/>
      <line num="129" count="3" type="stmt"/>
      <line num="130" count="3" type="stmt"/>
      <line num="131" count="11" type="stmt"/>
      <line num="132" count="51" type="cond" truecount="1" falsecount="0"/>
      <line num="133" count="53" type="cond" truecount="3" falsecount="0"/>
      <line num="134" count="15" type="stmt"/>
      <line num="135" count="53" type="cond" truecount="4" falsecount="0"/>
      <line num="136" count="11" type="stmt"/>
      <line num="137" count="31" type="cond" truecount="2" falsecount="1"/>
      <line num="138" count="53" type="cond" truecount="3" falsecount="1"/>
      <line num="139" count="11" type="stmt"/>
      <line num="140" count="11" type="stmt"/>
      <line num="141" count="13" type="cond" truecount="3" falsecount="1"/>
      <line num="142" count="25" type="cond" truecount="2" falsecount="1"/>
      <line num="143" count="11" type="stmt"/>
      <line num="144" count="53" type="stmt"/>
      <line num="145" count="51" type="cond" truecount="1" falsecount="0"/>
      <line num="146" count="3" type="cond" truecount="0" falsecount="1"/>
      <line num="147" count="3" type="stmt"/>
      <line num="148" count="3" type="cond" truecount="0" falsecount="1"/>
      <line num="149" count="3" type="stmt"/>
      <line num="150" count="3" type="cond" truecount="0" falsecount="1"/>
      <line num="151" count="3" type="cond" truecount="3" falsecount="0"/>
      <line num="152" count="1" type="stmt"/>
      <line num="153" count="1" type="stmt"/>
      <line num="154" count="1" type="cond" truecount="0" falsecount="1"/>
      <line num="155" count="1" type="cond" truecount="0" falsecount="1"/>
      <line num="156" count="1" type="stmt"/>
      <line num="157" count="3" type="stmt"/>
      <line num="158" count="51" type="cond" truecount="1" falsecount="0"/>
      <line num="159" count="1537" type="cond" truecount="2" falsecount="0"/>
      <line num="160" count="1537" type="stmt"/>
      <line num="162" count="51" type="cond" truecount="1" falsecount="0"/>
      <line num="164" count="53" type="stmt"/>
      <line num="165" count="53" type="stmt"/>
      <line num="166" count="53" type="cond" truecount="1" falsecount="0"/>
      <line num="167" count="53" type="cond" truecount="1" falsecount="0"/>
      <line num="168" count="53" type="stmt"/>
      <line num="169" count="53" type="stmt"/>
      <line num="170" count="53" type="cond" truecount="2" falsecount="0"/>
      <line num="171" count="11" type="stmt"/>
      <line num="172" count="11" type="stmt"/>
      <line num="173" count="11" type="stmt"/>
      <line num="174" count="11" type="cond" truecount="1" falsecount="0"/>
      <line num="175" count="53" type="cond" truecount="1" falsecount="0"/>
      <line num="176" count="4" type="stmt"/>
      <line num="177" count="4" type="cond" truecount="1" falsecount="0"/>
      <line num="179" count="42" type="stmt"/>
      <line num="181" count="42" type="stmt"/>
      <line num="182" count="42" type="stmt"/>
      <line num="183" count="42" type="stmt"/>
      <line num="184" count="42" type="stmt"/>
      <line num="185" count="42" type="cond" truecount="1" falsecount="0"/>
      <line num="186" count="42" type="cond" truecount="1" falsecount="0"/>
      <line num="187" count="42" type="stmt"/>
      <line num="188" count="42" type="cond" truecount="3" falsecount="0"/>
      <line num="189" count="42" type="cond" truecount="0" falsecount="1"/>
      <line num="190" count="42" type="cond" truecount="1" falsecount="1"/>
      <line num="191" count="42" type="stmt"/>
      <line num="192" count="42" type="stmt"/>
      <line num="193" count="42" type="stmt"/>
      <line num="194" count="53" type="cond" truecount="0" falsecount="1"/>
      <line num="195" count="0" type="stmt"/>
      <line num="196" count="0" type="cond" truecount="1" falsecount="0"/>
      <line num="197" count="42" type="stmt"/>
      <line num="198" count="42" type="stmt"/>
      <line num="199" count="42" type="stmt"/>
      <line num="200" count="42" type="stmt"/>
      <line num="201" count="42" type="stmt"/>
      <line num="202" count="42" type="cond" truecount="1" falsecount="0"/>
      <line num="203" count="42" type="cond" truecount="1" falsecount="0"/>
      <line num="204" count="44" type="stmt"/>
      <line num="205" count="44" type="cond" truecount="2" falsecount="0"/>
      <line num="206" count="3" type="stmt"/>
      <line num="207" count="3" type="stmt"/>
      <line num="208" count="44" type="cond" truecount="2" falsecount="0"/>
      <line num="209" count="2" type="stmt"/>
      <line num="210" count="2" type="stmt"/>
      <line num="211" count="2" type="stmt"/>
      <line num="212" count="2" type="cond" truecount="1" falsecount="0"/>
      <line num="213" count="6" type="cond" truecount="0" falsecount="1"/>
      <line num="214" count="0" type="stmt"/>
      <line num="215" count="0" type="stmt"/>
      <line num="216" count="0" type="stmt"/>
      <line num="217" count="0" type="cond" truecount="1" falsecount="0"/>
      <line num="218" count="1" type="stmt"/>
      <line num="219" count="44" type="stmt"/>
      <line num="220" count="42" type="stmt"/>
      <line num="221" count="42" type="stmt"/>
      <line num="222" count="53" type="cond" truecount="1" falsecount="0"/>
      <line num="223" count="1" type="stmt"/>
      <line num="224" count="1" type="stmt"/>
      <line num="225" count="1" type="stmt"/>
      <line num="226" count="1" type="stmt"/>
      <line num="227" count="1" type="cond" truecount="1" falsecount="0"/>
      <line num="228" count="53" type="cond" truecount="1" falsecount="0"/>
      <line num="229" count="1" type="stmt"/>
      <line num="230" count="1" type="stmt"/>
      <line num="231" count="53" type="cond" truecount="0" falsecount="1"/>
      <line num="233" count="0" type="cond" truecount="1" falsecount="0"/>
      <line num="234" count="41" type="stmt"/>
      <line num="235" count="41" type="stmt"/>
      <line num="236" count="41" type="stmt"/>
      <line num="237" count="53" type="stmt"/>
      <line num="239" count="51" type="cond" truecount="1" falsecount="0"/>
      <line num="240" count="959" type="cond" truecount="0" falsecount="1"/>
      <line num="241" count="959" type="stmt"/>
      <line num="242" count="959" type="stmt"/>
      <line num="243" count="959" type="stmt"/>
      <line num="244" count="959" type="cond" truecount="1" falsecount="0"/>
      <line num="245" count="959" type="cond" truecount="1" falsecount="0"/>
      <line num="246" count="2496" type="stmt"/>
      <line num="247" count="2496" type="cond" truecount="3" falsecount="0"/>
      <line num="248" count="1537" type="stmt"/>
      <line num="249" count="1550" type="cond" truecount="1" falsecount="0"/>
      <line num="250" count="1535" type="stmt"/>
      <line num="251" count="2496" type="cond" truecount="1" falsecount="0"/>
      <line num="252" count="2" type="stmt"/>
      <line num="253" count="2" type="cond" truecount="1" falsecount="0"/>
      <line num="254" count="2496" type="cond" truecount="0" falsecount="1"/>
      <line num="255" count="2496" type="stmt"/>
      <line num="256" count="2496" type="stmt"/>
      <line num="257" count="959" type="stmt"/>
      <line num="258" count="959" type="stmt"/>
      <line num="259" count="959" type="stmt"/>
      <line num="261" count="51" type="cond" truecount="1" falsecount="0"/>
      <line num="262" count="68" type="cond" truecount="0" falsecount="1"/>
      <line num="263" count="68" type="stmt"/>
      <line num="264" count="68" type="stmt"/>
      <line num="265" count="68" type="cond" truecount="1" falsecount="0"/>
      <line num="266" count="68" type="cond" truecount="1" falsecount="0"/>
      <line num="267" count="68" type="stmt"/>
      <line num="268" count="68" type="stmt"/>
      <line num="269" count="68" type="stmt"/>
      <line num="270" count="68" type="stmt"/>
      <line num="271" count="68" type="stmt"/>
      <line num="273" count="51" type="cond" truecount="1" falsecount="0"/>
      <line num="274" count="49" type="cond" truecount="1" falsecount="0"/>
      <line num="275" count="11" type="stmt"/>
      <line num="276" count="11" type="cond" truecount="0" falsecount="1"/>
      <line num="277" count="0" type="stmt"/>
      <line num="278" count="0" type="stmt"/>
      <line num="279" count="0" type="stmt"/>
      <line num="280" count="0" type="stmt"/>
      <line num="281" count="0" type="stmt"/>
      <line num="282" count="0" type="stmt"/>
      <line num="283" count="0" type="stmt"/>
      <line num="284" count="11" type="cond" truecount="0" falsecount="1"/>
      <line num="285" count="11" type="cond" truecount="0" falsecount="1"/>
      <line num="286" count="11" type="cond" truecount="1" falsecount="0"/>
      <line num="287" count="11" type="stmt"/>
      <line num="288" count="11" type="stmt"/>
      <line num="289" count="11" type="stmt"/>
      <line num="290" count="11" type="stmt"/>
      <line num="291" count="49" type="stmt"/>
      <line num="292" count="51" type="cond" truecount="1" falsecount="0"/>
      <line num="293" count="2" type="cond" truecount="1" falsecount="0"/>
      <line num="294" count="6" type="cond" truecount="0" falsecount="1"/>
      <line num="295" count="6" type="cond" truecount="0" falsecount="2"/>
      <line num="296" count="0" type="stmt"/>
      <line num="297" count="0" type="stmt"/>
      <line num="298" count="0" type="stmt"/>
      <line num="299" count="0" type="stmt"/>
      <line num="300" count="0" type="stmt"/>
      <line num="301" count="0" type="stmt"/>
      <line num="302" count="0" type="stmt"/>
      <line num="303" count="6" type="cond" truecount="2" falsecount="0"/>
      <line num="304" count="4" type="stmt"/>
      <line num="305" count="4" type="cond" truecount="0" falsecount="1"/>
      <line num="306" count="4" type="cond" truecount="1" falsecount="0"/>
      <line num="307" count="4" type="stmt"/>
      <line num="308" count="4" type="stmt"/>
      <line num="309" count="4" type="stmt"/>
      <line num="310" count="4" type="stmt"/>
      <line num="311" count="2" type="stmt"/>
      <line num="312" count="2" type="stmt"/>
      <line num="314" count="51" type="cond" truecount="1" falsecount="0"/>
      <line num="315" count="53" type="stmt"/>
      <line num="316" count="53" type="stmt"/>
      <line num="317" count="53" type="stmt"/>
      <line num="318" count="53" type="stmt"/>
      <line num="319" count="53" type="stmt"/>
      <line num="320" count="53" type="stmt"/>
      <line num="322" count="51" type="stmt"/>
      <line num="324" count="51" type="stmt"/>
      <line num="325" count="51" type="stmt"/>
      <line num="327" count="51" type="cond" truecount="1" falsecount="0"/>
      <line num="329" count="896" type="stmt"/>
      <line num="331" count="896" type="stmt"/>
      <line num="332" count="896" type="cond" truecount="1" falsecount="0"/>
      <line num="333" count="2" type="cond" truecount="0" falsecount="1"/>
      <line num="334" count="2" type="cond" truecount="0" falsecount="1"/>
      <line num="335" count="2" type="stmt"/>
      <line num="336" count="2" type="stmt"/>
      <line num="337" count="2" type="stmt"/>
      <line num="338" count="2" type="stmt"/>
      <line num="339" count="2" type="stmt"/>
      <line num="340" count="2" type="stmt"/>
      <line num="341" count="2" type="cond" truecount="1" falsecount="0"/>
      <line num="342" count="896" type="cond" truecount="1" falsecount="0"/>
      <line num="343" count="2" type="cond" truecount="2" falsecount="0"/>
      <line num="344" count="2" type="stmt"/>
      <line num="345" count="2" type="stmt"/>
      <line num="346" count="2" type="stmt"/>
      <line num="347" count="2" type="cond" truecount="1" falsecount="0"/>
      <line num="349" count="896" type="cond" truecount="1" falsecount="0"/>
      <line num="350" count="1" type="stmt"/>
      <line num="351" count="1" type="stmt"/>
      <line num="352" count="1" type="stmt"/>
      <line num="353" count="1" type="cond" truecount="1" falsecount="0"/>
      <line num="354" count="1" type="cond" truecount="1" falsecount="0"/>
      <line num="355" count="1" type="stmt"/>
      <line num="356" count="1" type="stmt"/>
      <line num="357" count="1" type="cond" truecount="0" falsecount="1"/>
      <line num="358" count="1" type="stmt"/>
      <line num="359" count="1" type="stmt"/>
      <line num="360" count="1" type="cond" truecount="1" falsecount="0"/>
      <line num="362" count="891" type="stmt"/>
      <line num="363" count="891" type="stmt"/>
      <line num="364" count="891" type="stmt"/>
      <line num="365" count="891" type="stmt"/>
      <line num="366" count="891" type="stmt"/>
      <line num="367" count="891" type="cond" truecount="1" falsecount="0"/>
      <line num="368" count="891" type="cond" truecount="1" falsecount="0"/>
      <line num="369" count="891" type="cond" truecount="1" falsecount="0"/>
      <line num="370" count="891" type="cond" truecount="1" falsecount="0"/>
      <line num="371" count="891" type="cond" truecount="1" falsecount="0"/>
      <line num="372" count="891" type="cond" truecount="1" falsecount="0"/>
      <line num="373" count="896" type="cond" truecount="1" falsecount="0"/>
      <line num="375" count="2" type="stmt"/>
      <line num="376" count="2" type="cond" truecount="0" falsecount="1"/>
      <line num="377" count="2" type="stmt"/>
      <line num="378" count="2" type="stmt"/>
      <line num="379" count="2" type="stmt"/>
      <line num="380" count="2" type="stmt"/>
      <line num="381" count="2" type="cond" truecount="1" falsecount="0"/>
      <line num="382" count="2" type="cond" truecount="1" falsecount="1"/>
      <line num="383" count="2" type="stmt"/>
      <line num="384" count="2" type="stmt"/>
      <line num="385" count="2" type="cond" truecount="0" falsecount="1"/>
      <line num="386" count="0" type="stmt"/>
      <line num="387" count="0" type="stmt"/>
      <line num="388" count="2" type="cond" truecount="1" falsecount="0"/>
      <line num="390" count="896" type="cond" truecount="0" falsecount="1"/>
      <line num="391" count="0" type="stmt"/>
      <line num="392" count="0" type="stmt"/>
      <line num="393" count="0" type="stmt"/>
      <line num="394" count="0" type="cond" truecount="1" falsecount="0"/>
      <line num="397" count="891" type="cond" truecount="1" falsecount="0"/>
      <line num="398" count="891" type="stmt"/>
      <line num="400" count="891" type="stmt"/>
      <line num="401" count="891" type="stmt"/>
      <line num="402" count="891" type="cond" truecount="1" falsecount="0"/>
      <line num="403" count="891" type="cond" truecount="1" falsecount="0"/>
      <line num="404" count="891" type="stmt"/>
      <line num="405" count="891" type="stmt"/>
      <line num="406" count="891" type="stmt"/>
      <line num="407" count="891" type="stmt"/>
      <line num="408" count="891" type="cond" truecount="1" falsecount="0"/>
      <line num="409" count="52" type="stmt"/>
      <line num="410" count="52" type="cond" truecount="1" falsecount="0"/>
      <line num="411" count="52" type="cond" truecount="1" falsecount="0"/>
      <line num="412" count="52" type="stmt"/>
      <line num="413" count="52" type="stmt"/>
      <line num="415" count="52" type="cond" truecount="1" falsecount="1"/>
      <line num="416" count="52" type="stmt"/>
      <line num="417" count="891" type="stmt"/>
      <line num="418" count="891" type="cond" truecount="1" falsecount="0"/>
      <line num="419" count="889" type="stmt"/>
      <line num="420" count="896" type="cond" truecount="1" falsecount="0"/>
      <line num="421" count="2" type="stmt"/>
      <line num="422" count="2" type="stmt"/>
      <line num="423" count="2" type="stmt"/>
      <line num="424" count="2" type="stmt"/>
      <line num="426" count="2" type="stmt"/>
      <line num="428" count="2" type="stmt"/>
      <line num="429" count="2" type="stmt"/>
      <line num="430" count="2" type="stmt"/>
      <line num="431" count="2" type="cond" truecount="0" falsecount="1"/>
      <line num="432" count="2" type="cond" truecount="1" falsecount="0"/>
      <line num="433" count="891" type="stmt"/>
      <line num="434" count="891" type="stmt"/>
      <line num="435" count="896" type="stmt"/>
      <line num="437" count="51" type="cond" truecount="1" falsecount="0"/>
      <line num="438" count="51" type="cond" truecount="1" falsecount="0"/>
      <line num="439" count="51" type="cond" truecount="2" falsecount="2"/>
      <line num="440" count="51" type="stmt"/>
      <line num="441" count="51" type="cond" truecount="1" falsecount="0"/>
      <line num="442" count="51" type="cond" truecount="1" falsecount="0"/>
      <line num="444" count="51" type="stmt"/>
      <line num="445" count="51" type="stmt"/>
    </file>
    <file name="logic.ts" path="/Users/mbp/Development/el-dorado-score-keeper/lib/state/logic.ts">
      <metrics statements="36" coveredstatements="36" conditionals="19" coveredconditionals="18" methods="5" coveredmethods="5"/>
      <line num="3" count="1" type="stmt"/>
      <line num="5" count="1" type="cond" truecount="1" falsecount="0"/>
      <line num="6" count="842" type="stmt"/>
      <line num="7" count="842" type="stmt"/>
      <line num="9" count="1" type="cond" truecount="1" falsecount="0"/>
      <line num="10" count="831" type="stmt"/>
      <line num="11" count="831" type="stmt"/>
      <line num="12" count="831" type="stmt"/>
      <line num="14" count="1" type="cond" truecount="1" falsecount="0"/>
      <line num="15" count="435" type="cond" truecount="2" falsecount="0"/>
      <line num="16" count="431" type="stmt"/>
      <line num="17" count="435" type="cond" truecount="2" falsecount="0"/>
      <line num="18" count="435" type="stmt"/>
      <line num="20" count="1" type="cond" truecount="1" falsecount="0"/>
      <line num="21" count="2" type="stmt"/>
      <line num="22" count="2" type="cond" truecount="1" falsecount="0"/>
      <line num="23" count="20" type="cond" truecount="2" falsecount="0"/>
      <line num="24" count="20" type="stmt"/>
      <line num="25" count="2" type="stmt"/>
      <line num="26" count="2" type="stmt"/>
      <line num="28" count="1" type="cond" truecount="1" falsecount="0"/>
      <line num="29" count="122" type="cond" truecount="0" falsecount="1"/>
      <line num="30" count="122" type="stmt"/>
      <line num="31" count="122" type="cond" truecount="1" falsecount="0"/>
      <line num="32" count="421" type="cond" truecount="1" falsecount="0"/>
      <line num="33" count="421" type="cond" truecount="1" falsecount="0"/>
      <line num="34" count="421" type="cond" truecount="1" falsecount="0"/>
      <line num="35" count="421" type="stmt"/>
      <line num="36" count="122" type="stmt"/>
      <line num="37" count="122" type="stmt"/>
      <line num="38" count="122" type="stmt"/>
      <line num="39" count="122" type="cond" truecount="2" falsecount="0"/>
      <line num="40" count="79" type="stmt"/>
      <line num="41" count="79" type="stmt"/>
      <line num="42" count="122" type="stmt"/>
      <line num="43" count="122" type="stmt"/>
    </file>
    <file name="validation.ts" path="/Users/mbp/Development/el-dorado-score-keeper/lib/state/validation.ts">
      <metrics statements="52" coveredstatements="46" conditionals="6" coveredconditionals="5" methods="1" coveredmethods="1"/>
      <line num="1" count="1" type="stmt"/>
      <line num="4" count="1" type="stmt"/>
      <line num="5" count="1" type="stmt"/>
      <line num="6" count="1" type="stmt"/>
      <line num="7" count="1" type="stmt"/>
      <line num="8" count="1" type="stmt"/>
      <line num="9" count="1" type="stmt"/>
      <line num="11" count="1" type="stmt"/>
      <line num="13" count="1" type="stmt"/>
      <line num="14" count="1" type="stmt"/>
      <line num="15" count="1" type="stmt"/>
      <line num="16" count="1" type="stmt"/>
      <line num="17" count="1" type="stmt"/>
      <line num="18" count="1" type="stmt"/>
      <line num="19" count="1" type="stmt"/>
      <line num="20" count="1" type="stmt"/>
      <line num="21" count="1" type="stmt"/>
      <line num="22" count="1" type="stmt"/>
      <line num="24" count="1" type="stmt"/>
      <line num="25" count="1" type="stmt"/>
      <line num="26" count="1" type="stmt"/>
      <line num="27" count="1" type="stmt"/>
      <line num="28" count="1" type="stmt"/>
      <line num="29" count="1" type="stmt"/>
      <line num="36" count="1" type="cond" truecount="1" falsecount="0"/>
      <line num="37" count="896" type="stmt"/>
      <line num="38" count="896" type="cond" truecount="0" falsecount="1"/>
      <line num="39" count="0" type="stmt"/>
      <line num="40" count="0" type="stmt"/>
      <line num="41" count="0" type="stmt"/>
      <line num="42" count="0" type="stmt"/>
      <line num="43" count="0" type="stmt"/>
      <line num="44" count="0" type="stmt"/>
      <line num="45" count="896" type="stmt"/>
      <line num="46" count="896" type="cond" truecount="1" falsecount="0"/>
      <line num="47" count="1" type="stmt"/>
      <line num="48" count="1" type="stmt"/>
      <line num="49" count="1" type="stmt"/>
      <line num="50" count="1" type="stmt"/>
      <line num="51" count="1" type="stmt"/>
      <line num="52" count="1" type="cond" truecount="1" falsecount="0"/>
      <line num="53" count="895" type="stmt"/>
      <line num="54" count="895" type="stmt"/>
      <line num="55" count="896" type="cond" truecount="2" falsecount="0"/>
      <line num="56" count="1" type="stmt"/>
      <line num="57" count="1" type="stmt"/>
      <line num="58" count="1" type="stmt"/>
      <line num="59" count="1" type="stmt"/>
      <line num="60" count="1" type="stmt"/>
      <line num="61" count="1" type="stmt"/>
      <line num="62" count="894" type="stmt"/>
      <line num="63" count="894" type="stmt"/>
    </file>
  </project>
</coverage>
