{"/Users/mbp/Development/el-dorado-score-keeper/lib/state/db.ts": {"path":"/Users/mbp/Development/el-dorado-score-keeper/lib/state/db.ts","all":false,"statementMap":{"0":{"start":{"line":1,"column":0},"end":{"line":1,"column":27}},"1":{"start":{"line":2,"column":0},"end":{"line":2,"column":19}},"2":{"start":{"line":3,"column":0},"end":{"line":3,"column":17}},"3":{"start":{"line":4,"column":0},"end":{"line":4,"column":25}},"4":{"start":{"line":5,"column":0},"end":{"line":5,"column":17}},"5":{"start":{"line":6,"column":0},"end":{"line":6,"column":10}},"9":{"start":{"line":10,"column":0},"end":{"line":10,"column":100}},"10":{"start":{"line":11,"column":0},"end":{"line":11,"column":49}},"11":{"start":{"line":12,"column":0},"end":{"line":12,"column":1}},"16":{"start":{"line":17,"column":0},"end":{"line":17,"column":26}},"17":{"start":{"line":18,"column":0},"end":{"line":18,"column":26}},"18":{"start":{"line":19,"column":0},"end":{"line":19,"column":39}},"20":{"start":{"line":21,"column":0},"end":{"line":21,"column":66}},"22":{"start":{"line":23,"column":0},"end":{"line":23,"column":50}},"23":{"start":{"line":24,"column":0},"end":{"line":24,"column":33}},"24":{"start":{"line":25,"column":0},"end":{"line":25,"column":25}},"25":{"start":{"line":26,"column":0},"end":{"line":26,"column":68}},"27":{"start":{"line":28,"column":0},"end":{"line":28,"column":33}},"28":{"start":{"line":29,"column":0},"end":{"line":29,"column":101}},"29":{"start":{"line":30,"column":0},"end":{"line":30,"column":64}},"30":{"start":{"line":31,"column":0},"end":{"line":31,"column":63}},"31":{"start":{"line":32,"column":0},"end":{"line":32,"column":71}},"32":{"start":{"line":33,"column":0},"end":{"line":33,"column":5}},"34":{"start":{"line":35,"column":0},"end":{"line":35,"column":33}},"35":{"start":{"line":36,"column":0},"end":{"line":36,"column":77}},"36":{"start":{"line":37,"column":0},"end":{"line":37,"column":68}},"37":{"start":{"line":38,"column":0},"end":{"line":38,"column":5}},"38":{"start":{"line":39,"column":0},"end":{"line":39,"column":3}},"39":{"start":{"line":40,"column":0},"end":{"line":40,"column":36}},"40":{"start":{"line":41,"column":0},"end":{"line":41,"column":41}},"41":{"start":{"line":42,"column":0},"end":{"line":42,"column":38}},"42":{"start":{"line":43,"column":0},"end":{"line":43,"column":4}},"43":{"start":{"line":44,"column":0},"end":{"line":44,"column":1}}},"s":{"0":1,"1":1,"2":1,"3":1,"4":1,"5":1,"9":1,"10":3048,"11":3048,"16":1,"17":1,"18":1,"20":85,"22":85,"23":85,"24":40,"25":40,"27":40,"28":39,"29":39,"30":39,"31":39,"32":39,"34":40,"35":40,"36":40,"37":40,"38":40,"39":85,"40":85,"41":85,"42":85,"43":85},"branchMap":{"0":{"type":"branch","line":10,"loc":{"start":{"line":10,"column":7},"end":{"line":12,"column":1}},"locations":[{"start":{"line":10,"column":7},"end":{"line":12,"column":1}}]},"1":{"type":"branch","line":21,"loc":{"start":{"line":21,"column":0},"end":{"line":44,"column":1}},"locations":[{"start":{"line":21,"column":0},"end":{"line":44,"column":1}}]},"2":{"type":"branch","line":24,"loc":{"start":{"line":24,"column":24},"end":{"line":39,"column":3}},"locations":[{"start":{"line":24,"column":24},"end":{"line":39,"column":3}}]},"3":{"type":"branch","line":26,"loc":{"start":{"line":26,"column":53},"end":{"line":26,"column":68}},"locations":[{"start":{"line":26,"column":53},"end":{"line":26,"column":68}}]},"4":{"type":"branch","line":28,"loc":{"start":{"line":28,"column":32},"end":{"line":33,"column":5}},"locations":[{"start":{"line":28,"column":32},"end":{"line":33,"column":5}}]},"5":{"type":"branch","line":40,"loc":{"start":{"line":40,"column":21},"end":{"line":43,"column":3}},"locations":[{"start":{"line":40,"column":21},"end":{"line":43,"column":3}}]},"6":{"type":"branch","line":41,"loc":{"start":{"line":41,"column":20},"end":{"line":41,"column":41}},"locations":[{"start":{"line":41,"column":20},"end":{"line":41,"column":41}}]}},"b":{"0":[3048],"1":[85],"2":[40],"3":[39],"4":[39],"5":[85],"6":[85]},"fnMap":{"0":{"name":"tx","decl":{"start":{"line":10,"column":7},"end":{"line":12,"column":1}},"loc":{"start":{"line":10,"column":7},"end":{"line":12,"column":1}},"line":10},"1":{"name":"openDB","decl":{"start":{"line":21,"column":0},"end":{"line":44,"column":1}},"loc":{"start":{"line":21,"column":0},"end":{"line":44,"column":1}},"line":21},"2":{"name":"req.onupgradeneeded","decl":{"start":{"line":24,"column":24},"end":{"line":39,"column":3}},"loc":{"start":{"line":24,"column":24},"end":{"line":39,"column":3}},"line":24},"3":{"name":"req.onsuccess","decl":{"start":{"line":41,"column":20},"end":{"line":41,"column":41}},"loc":{"start":{"line":41,"column":20},"end":{"line":41,"column":41}},"line":41},"4":{"name":"req.onerror","decl":{"start":{"line":42,"column":18},"end":{"line":42,"column":38}},"loc":{"start":{"line":42,"column":18},"end":{"line":42,"column":38}},"line":42}},"f":{"0":3048,"1":85,"2":40,"3":85,"4":0}}
,"/Users/mbp/Development/el-dorado-score-keeper/lib/state/events.ts": {"path":"/Users/mbp/Development/el-dorado-score-keeper/lib/state/events.ts","all":false,"statementMap":{"0":{"start":{"line":1,"column":0},"end":{"line":1,"column":34}},"5":{"start":{"line":6,"column":0},"end":{"line":6,"column":120}},"6":{"start":{"line":7,"column":0},"end":{"line":7,"column":10}},"7":{"start":{"line":8,"column":0},"end":{"line":8,"column":9}},"8":{"start":{"line":9,"column":0},"end":{"line":9,"column":12}},"9":{"start":{"line":10,"column":0},"end":{"line":10,"column":37}},"10":{"start":{"line":11,"column":0},"end":{"line":11,"column":31}},"11":{"start":{"line":12,"column":0},"end":{"line":12,"column":20}},"12":{"start":{"line":13,"column":0},"end":{"line":13,"column":1}},"14":{"start":{"line":15,"column":0},"end":{"line":15,"column":23}},"15":{"start":{"line":16,"column":0},"end":{"line":16,"column":100}},"16":{"start":{"line":17,"column":0},"end":{"line":17,"column":106}},"17":{"start":{"line":18,"column":0},"end":{"line":18,"column":106}},"18":{"start":{"line":19,"column":0},"end":{"line":19,"column":97}},"19":{"start":{"line":20,"column":0},"end":{"line":20,"column":108}},"20":{"start":{"line":21,"column":0},"end":{"line":21,"column":85}},"21":{"start":{"line":22,"column":0},"end":{"line":22,"column":88}},"22":{"start":{"line":23,"column":0},"end":{"line":23,"column":106}},"23":{"start":{"line":24,"column":0},"end":{"line":24,"column":1}}},"s":{"0":1,"5":1,"6":992,"7":992,"8":992,"9":992,"10":992,"11":992,"12":992,"14":1,"15":1,"16":1,"17":1,"18":1,"19":1,"20":1,"21":1,"22":1,"23":1},"branchMap":{"0":{"type":"branch","line":6,"loc":{"start":{"line":6,"column":7},"end":{"line":13,"column":1}},"locations":[{"start":{"line":6,"column":7},"end":{"line":13,"column":1}}]},"1":{"type":"branch","line":10,"loc":{"start":{"line":10,"column":13},"end":{"line":10,"column":30}},"locations":[{"start":{"line":10,"column":13},"end":{"line":10,"column":30}}]},"2":{"type":"branch","line":10,"loc":{"start":{"line":10,"column":19},"end":{"line":10,"column":37}},"locations":[{"start":{"line":10,"column":19},"end":{"line":10,"column":37}}]},"3":{"type":"branch","line":11,"loc":{"start":{"line":11,"column":8},"end":{"line":11,"column":20}},"locations":[{"start":{"line":11,"column":8},"end":{"line":11,"column":20}}]},"4":{"type":"branch","line":11,"loc":{"start":{"line":11,"column":14},"end":{"line":11,"column":31}},"locations":[{"start":{"line":11,"column":14},"end":{"line":11,"column":31}}]},"5":{"type":"branch","line":16,"loc":{"start":{"line":16,"column":15},"end":{"line":16,"column":100}},"locations":[{"start":{"line":16,"column":15},"end":{"line":16,"column":100}}]},"6":{"type":"branch","line":19,"loc":{"start":{"line":19,"column":14},"end":{"line":19,"column":97}},"locations":[{"start":{"line":19,"column":14},"end":{"line":19,"column":97}}]}},"b":{"0":[992],"1":[987],"2":[7],"3":[987],"4":[5],"5":[5],"6":[2]},"fnMap":{"0":{"name":"makeEvent","decl":{"start":{"line":6,"column":7},"end":{"line":13,"column":1}},"loc":{"start":{"line":6,"column":7},"end":{"line":13,"column":1}},"line":6},"1":{"name":"playerAdded","decl":{"start":{"line":16,"column":15},"end":{"line":16,"column":100}},"loc":{"start":{"line":16,"column":15},"end":{"line":16,"column":100}},"line":16},"2":{"name":"playerRenamed","decl":{"start":{"line":17,"column":17},"end":{"line":17,"column":106}},"loc":{"start":{"line":17,"column":17},"end":{"line":17,"column":106}},"line":17},"3":{"name":"playerRemoved","decl":{"start":{"line":18,"column":17},"end":{"line":18,"column":106}},"loc":{"start":{"line":18,"column":17},"end":{"line":18,"column":106}},"line":18},"4":{"name":"scoreAdded","decl":{"start":{"line":19,"column":14},"end":{"line":19,"column":97}},"loc":{"start":{"line":19,"column":14},"end":{"line":19,"column":97}},"line":19},"5":{"name":"roundStateSet","decl":{"start":{"line":20,"column":17},"end":{"line":20,"column":108}},"loc":{"start":{"line":20,"column":17},"end":{"line":20,"column":108}},"line":20},"6":{"name":"bidSet","decl":{"start":{"line":21,"column":10},"end":{"line":21,"column":85}},"loc":{"start":{"line":21,"column":10},"end":{"line":21,"column":85}},"line":21},"7":{"name":"madeSet","decl":{"start":{"line":22,"column":11},"end":{"line":22,"column":88}},"loc":{"start":{"line":22,"column":11},"end":{"line":22,"column":88}},"line":22},"8":{"name":"roundFinalize","decl":{"start":{"line":23,"column":17},"end":{"line":23,"column":106}},"loc":{"start":{"line":23,"column":17},"end":{"line":23,"column":106}},"line":23}},"f":{"0":992,"1":5,"2":0,"3":0,"4":2,"5":0,"6":0,"7":0,"8":0}}
,"/Users/mbp/Development/el-dorado-score-keeper/lib/state/instance.ts": {"path":"/Users/mbp/Development/el-dorado-score-keeper/lib/state/instance.ts","all":false,"statementMap":{"0":{"start":{"line":1,"column":0},"end":{"line":1,"column":45}},"15":{"start":{"line":16,"column":0},"end":{"line":16,"column":255}},"16":{"start":{"line":17,"column":0},"end":{"line":17,"column":41}},"17":{"start":{"line":18,"column":0},"end":{"line":18,"column":52}},"18":{"start":{"line":19,"column":0},"end":{"line":19,"column":47}},"19":{"start":{"line":20,"column":0},"end":{"line":20,"column":29}},"20":{"start":{"line":21,"column":0},"end":{"line":21,"column":31}},"21":{"start":{"line":22,"column":0},"end":{"line":22,"column":30}},"22":{"start":{"line":23,"column":0},"end":{"line":23,"column":31}},"23":{"start":{"line":24,"column":0},"end":{"line":24,"column":29}},"24":{"start":{"line":25,"column":0},"end":{"line":25,"column":3}},"25":{"start":{"line":26,"column":0},"end":{"line":26,"column":87}},"26":{"start":{"line":27,"column":0},"end":{"line":27,"column":95}},"27":{"start":{"line":28,"column":0},"end":{"line":28,"column":50}},"28":{"start":{"line":29,"column":0},"end":{"line":29,"column":20}},"29":{"start":{"line":30,"column":0},"end":{"line":30,"column":68}},"30":{"start":{"line":31,"column":0},"end":{"line":31,"column":3}},"31":{"start":{"line":32,"column":0},"end":{"line":32,"column":43}},"32":{"start":{"line":33,"column":0},"end":{"line":33,"column":16}},"33":{"start":{"line":34,"column":0},"end":{"line":34,"column":22}},"34":{"start":{"line":35,"column":0},"end":{"line":35,"column":63}},"35":{"start":{"line":36,"column":0},"end":{"line":36,"column":76}},"37":{"start":{"line":38,"column":0},"end":{"line":38,"column":24}},"38":{"start":{"line":39,"column":0},"end":{"line":39,"column":85}},"39":{"start":{"line":40,"column":0},"end":{"line":40,"column":71}},"40":{"start":{"line":41,"column":0},"end":{"line":41,"column":81}},"42":{"start":{"line":43,"column":0},"end":{"line":43,"column":51}},"43":{"start":{"line":44,"column":0},"end":{"line":44,"column":55}},"44":{"start":{"line":45,"column":0},"end":{"line":45,"column":42}},"45":{"start":{"line":46,"column":0},"end":{"line":46,"column":40}},"47":{"start":{"line":48,"column":0},"end":{"line":48,"column":37}},"48":{"start":{"line":49,"column":0},"end":{"line":49,"column":15}},"49":{"start":{"line":50,"column":0},"end":{"line":50,"column":3}},"51":{"start":{"line":52,"column":0},"end":{"line":52,"column":61}},"54":{"start":{"line":55,"column":0},"end":{"line":55,"column":68}},"55":{"start":{"line":56,"column":0},"end":{"line":56,"column":39}},"56":{"start":{"line":57,"column":0},"end":{"line":57,"column":39}},"57":{"start":{"line":58,"column":0},"end":{"line":58,"column":41}},"58":{"start":{"line":59,"column":0},"end":{"line":59,"column":14}},"59":{"start":{"line":60,"column":0},"end":{"line":60,"column":3}},"61":{"start":{"line":62,"column":0},"end":{"line":62,"column":41}},"62":{"start":{"line":63,"column":0},"end":{"line":63,"column":76}},"63":{"start":{"line":64,"column":0},"end":{"line":64,"column":52}},"64":{"start":{"line":65,"column":0},"end":{"line":65,"column":12}},"65":{"start":{"line":66,"column":0},"end":{"line":66,"column":5}},"66":{"start":{"line":67,"column":0},"end":{"line":67,"column":9}},"67":{"start":{"line":68,"column":0},"end":{"line":68,"column":55}},"68":{"start":{"line":69,"column":0},"end":{"line":69,"column":63}},"69":{"start":{"line":70,"column":0},"end":{"line":70,"column":61}},"70":{"start":{"line":71,"column":0},"end":{"line":71,"column":68}},"71":{"start":{"line":72,"column":0},"end":{"line":72,"column":52}},"72":{"start":{"line":73,"column":0},"end":{"line":73,"column":8}},"73":{"start":{"line":74,"column":0},"end":{"line":74,"column":48}},"74":{"start":{"line":75,"column":0},"end":{"line":75,"column":13}},"75":{"start":{"line":76,"column":0},"end":{"line":76,"column":24}},"76":{"start":{"line":77,"column":0},"end":{"line":77,"column":5}},"77":{"start":{"line":78,"column":0},"end":{"line":78,"column":3}},"79":{"start":{"line":80,"column":0},"end":{"line":80,"column":37}},"80":{"start":{"line":81,"column":0},"end":{"line":81,"column":24}},"82":{"start":{"line":83,"column":0},"end":{"line":83,"column":73}},"83":{"start":{"line":84,"column":0},"end":{"line":84,"column":44}},"85":{"start":{"line":86,"column":0},"end":{"line":86,"column":33}},"86":{"start":{"line":87,"column":0},"end":{"line":87,"column":9}},"87":{"start":{"line":88,"column":0},"end":{"line":88,"column":62}},"88":{"start":{"line":89,"column":0},"end":{"line":89,"column":85}},"89":{"start":{"line":90,"column":0},"end":{"line":90,"column":18}},"90":{"start":{"line":91,"column":0},"end":{"line":91,"column":34}},"91":{"start":{"line":92,"column":0},"end":{"line":92,"column":45}},"92":{"start":{"line":93,"column":0},"end":{"line":93,"column":34}},"93":{"start":{"line":94,"column":0},"end":{"line":94,"column":62}},"94":{"start":{"line":95,"column":0},"end":{"line":95,"column":30}},"95":{"start":{"line":96,"column":0},"end":{"line":96,"column":33}},"96":{"start":{"line":97,"column":0},"end":{"line":97,"column":43}},"97":{"start":{"line":98,"column":0},"end":{"line":98,"column":18}},"98":{"start":{"line":99,"column":0},"end":{"line":99,"column":18}},"100":{"start":{"line":101,"column":0},"end":{"line":101,"column":49}},"101":{"start":{"line":102,"column":0},"end":{"line":102,"column":30}},"102":{"start":{"line":103,"column":0},"end":{"line":103,"column":13}},"103":{"start":{"line":104,"column":0},"end":{"line":104,"column":11}},"104":{"start":{"line":105,"column":0},"end":{"line":105,"column":22}},"105":{"start":{"line":106,"column":0},"end":{"line":106,"column":9}},"106":{"start":{"line":107,"column":0},"end":{"line":107,"column":48}},"107":{"start":{"line":108,"column":0},"end":{"line":108,"column":8}},"108":{"start":{"line":109,"column":0},"end":{"line":109,"column":13}},"109":{"start":{"line":110,"column":0},"end":{"line":110,"column":12}},"110":{"start":{"line":111,"column":0},"end":{"line":111,"column":5}},"111":{"start":{"line":112,"column":0},"end":{"line":112,"column":32}},"112":{"start":{"line":113,"column":0},"end":{"line":113,"column":9}},"113":{"start":{"line":114,"column":0},"end":{"line":114,"column":62}},"114":{"start":{"line":115,"column":0},"end":{"line":115,"column":33}},"115":{"start":{"line":116,"column":0},"end":{"line":116,"column":71}},"116":{"start":{"line":117,"column":0},"end":{"line":117,"column":123}},"117":{"start":{"line":118,"column":0},"end":{"line":118,"column":7}},"118":{"start":{"line":119,"column":0},"end":{"line":119,"column":13}},"120":{"start":{"line":121,"column":0},"end":{"line":121,"column":5}},"121":{"start":{"line":122,"column":0},"end":{"line":122,"column":3}},"123":{"start":{"line":124,"column":0},"end":{"line":124,"column":127}},"124":{"start":{"line":125,"column":0},"end":{"line":125,"column":47}},"125":{"start":{"line":126,"column":0},"end":{"line":126,"column":41}},"127":{"start":{"line":128,"column":0},"end":{"line":128,"column":155}},"128":{"start":{"line":129,"column":0},"end":{"line":129,"column":24}},"129":{"start":{"line":130,"column":0},"end":{"line":130,"column":5}},"130":{"start":{"line":131,"column":0},"end":{"line":131,"column":3}},"131":{"start":{"line":132,"column":0},"end":{"line":132,"column":72}},"132":{"start":{"line":133,"column":0},"end":{"line":133,"column":41}},"133":{"start":{"line":134,"column":0},"end":{"line":134,"column":46}},"134":{"start":{"line":135,"column":0},"end":{"line":135,"column":82}},"135":{"start":{"line":136,"column":0},"end":{"line":136,"column":26}},"136":{"start":{"line":137,"column":0},"end":{"line":137,"column":39}},"137":{"start":{"line":138,"column":0},"end":{"line":138,"column":75}},"138":{"start":{"line":139,"column":0},"end":{"line":139,"column":59}},"139":{"start":{"line":140,"column":0},"end":{"line":140,"column":57}},"140":{"start":{"line":141,"column":0},"end":{"line":141,"column":96}},"141":{"start":{"line":142,"column":0},"end":{"line":142,"column":94}},"142":{"start":{"line":143,"column":0},"end":{"line":143,"column":15}},"143":{"start":{"line":144,"column":0},"end":{"line":144,"column":3}},"144":{"start":{"line":145,"column":0},"end":{"line":145,"column":86}},"145":{"start":{"line":146,"column":0},"end":{"line":146,"column":41}},"146":{"start":{"line":147,"column":0},"end":{"line":147,"column":46}},"147":{"start":{"line":148,"column":0},"end":{"line":148,"column":55}},"148":{"start":{"line":149,"column":0},"end":{"line":149,"column":26}},"149":{"start":{"line":150,"column":0},"end":{"line":150,"column":39}},"150":{"start":{"line":151,"column":0},"end":{"line":151,"column":75}},"151":{"start":{"line":152,"column":0},"end":{"line":152,"column":59}},"152":{"start":{"line":153,"column":0},"end":{"line":153,"column":57}},"153":{"start":{"line":154,"column":0},"end":{"line":154,"column":96}},"154":{"start":{"line":155,"column":0},"end":{"line":155,"column":94}},"155":{"start":{"line":156,"column":0},"end":{"line":156,"column":15}},"156":{"start":{"line":157,"column":0},"end":{"line":157,"column":3}},"157":{"start":{"line":158,"column":0},"end":{"line":158,"column":52}},"158":{"start":{"line":159,"column":0},"end":{"line":159,"column":118}},"159":{"start":{"line":160,"column":0},"end":{"line":160,"column":3}},"161":{"start":{"line":162,"column":0},"end":{"line":162,"column":32}},"163":{"start":{"line":164,"column":0},"end":{"line":164,"column":53}},"164":{"start":{"line":165,"column":0},"end":{"line":165,"column":63}},"165":{"start":{"line":166,"column":0},"end":{"line":166,"column":81}},"166":{"start":{"line":167,"column":0},"end":{"line":167,"column":88}},"167":{"start":{"line":168,"column":0},"end":{"line":168,"column":40}},"168":{"start":{"line":169,"column":0},"end":{"line":169,"column":6}},"169":{"start":{"line":170,"column":0},"end":{"line":170,"column":34}},"170":{"start":{"line":171,"column":0},"end":{"line":171,"column":29}},"171":{"start":{"line":172,"column":0},"end":{"line":172,"column":25}},"172":{"start":{"line":173,"column":0},"end":{"line":173,"column":12}},"173":{"start":{"line":174,"column":0},"end":{"line":174,"column":5}},"174":{"start":{"line":175,"column":0},"end":{"line":175,"column":14}},"175":{"start":{"line":176,"column":0},"end":{"line":176,"column":35}},"176":{"start":{"line":177,"column":0},"end":{"line":177,"column":5}},"178":{"start":{"line":179,"column":0},"end":{"line":179,"column":9}},"180":{"start":{"line":181,"column":0},"end":{"line":181,"column":23}},"181":{"start":{"line":182,"column":0},"end":{"line":182,"column":11}},"182":{"start":{"line":183,"column":0},"end":{"line":183,"column":59}},"183":{"start":{"line":184,"column":0},"end":{"line":184,"column":81}},"184":{"start":{"line":185,"column":0},"end":{"line":185,"column":61}},"185":{"start":{"line":186,"column":0},"end":{"line":186,"column":35}},"186":{"start":{"line":187,"column":0},"end":{"line":187,"column":63}},"187":{"start":{"line":188,"column":0},"end":{"line":188,"column":33}},"188":{"start":{"line":189,"column":0},"end":{"line":189,"column":60}},"189":{"start":{"line":190,"column":0},"end":{"line":190,"column":43}},"190":{"start":{"line":191,"column":0},"end":{"line":191,"column":11}},"191":{"start":{"line":192,"column":0},"end":{"line":192,"column":48}},"192":{"start":{"line":193,"column":0},"end":{"line":193,"column":10}},"193":{"start":{"line":194,"column":0},"end":{"line":194,"column":15}},"194":{"start":{"line":195,"column":0},"end":{"line":195,"column":21}},"195":{"start":{"line":196,"column":0},"end":{"line":196,"column":7}},"196":{"start":{"line":197,"column":0},"end":{"line":197,"column":59}},"197":{"start":{"line":198,"column":0},"end":{"line":198,"column":82}},"198":{"start":{"line":199,"column":0},"end":{"line":199,"column":19}},"199":{"start":{"line":200,"column":0},"end":{"line":200,"column":21}},"200":{"start":{"line":201,"column":0},"end":{"line":201,"column":19}},"201":{"start":{"line":202,"column":0},"end":{"line":202,"column":103}},"202":{"start":{"line":203,"column":0},"end":{"line":203,"column":34}},"203":{"start":{"line":204,"column":0},"end":{"line":204,"column":62}},"204":{"start":{"line":205,"column":0},"end":{"line":205,"column":39}},"205":{"start":{"line":206,"column":0},"end":{"line":206,"column":17}},"206":{"start":{"line":207,"column":0},"end":{"line":207,"column":27}},"207":{"start":{"line":208,"column":0},"end":{"line":208,"column":36}},"208":{"start":{"line":209,"column":0},"end":{"line":209,"column":21}},"209":{"start":{"line":210,"column":0},"end":{"line":210,"column":53}},"210":{"start":{"line":211,"column":0},"end":{"line":211,"column":31}},"211":{"start":{"line":212,"column":0},"end":{"line":212,"column":11}},"212":{"start":{"line":213,"column":0},"end":{"line":213,"column":37}},"213":{"start":{"line":214,"column":0},"end":{"line":214,"column":19}},"214":{"start":{"line":215,"column":0},"end":{"line":215,"column":95}},"215":{"start":{"line":216,"column":0},"end":{"line":216,"column":31}},"216":{"start":{"line":217,"column":0},"end":{"line":217,"column":11}},"217":{"start":{"line":218,"column":0},"end":{"line":218,"column":23}},"218":{"start":{"line":219,"column":0},"end":{"line":219,"column":9}},"219":{"start":{"line":220,"column":0},"end":{"line":220,"column":48}},"220":{"start":{"line":221,"column":0},"end":{"line":221,"column":8}},"221":{"start":{"line":222,"column":0},"end":{"line":222,"column":19}},"222":{"start":{"line":223,"column":0},"end":{"line":223,"column":81}},"223":{"start":{"line":224,"column":0},"end":{"line":224,"column":34}},"224":{"start":{"line":225,"column":0},"end":{"line":225,"column":30}},"225":{"start":{"line":226,"column":0},"end":{"line":226,"column":14}},"226":{"start":{"line":227,"column":0},"end":{"line":227,"column":7}},"227":{"start":{"line":228,"column":0},"end":{"line":228,"column":22}},"228":{"start":{"line":229,"column":0},"end":{"line":229,"column":70}},"229":{"start":{"line":230,"column":0},"end":{"line":230,"column":7}},"230":{"start":{"line":231,"column":0},"end":{"line":231,"column":13}},"232":{"start":{"line":233,"column":0},"end":{"line":233,"column":5}},"233":{"start":{"line":234,"column":0},"end":{"line":234,"column":31}},"234":{"start":{"line":235,"column":0},"end":{"line":235,"column":14}},"235":{"start":{"line":236,"column":0},"end":{"line":236,"column":40}},"236":{"start":{"line":237,"column":0},"end":{"line":237,"column":3}},"238":{"start":{"line":239,"column":0},"end":{"line":239,"column":51}},"239":{"start":{"line":240,"column":0},"end":{"line":240,"column":24}},"240":{"start":{"line":241,"column":0},"end":{"line":241,"column":53}},"241":{"start":{"line":242,"column":0},"end":{"line":242,"column":59}},"242":{"start":{"line":243,"column":0},"end":{"line":243,"column":72}},"243":{"start":{"line":244,"column":0},"end":{"line":244,"column":43}},"244":{"start":{"line":245,"column":0},"end":{"line":245,"column":35}},"245":{"start":{"line":246,"column":0},"end":{"line":246,"column":36}},"246":{"start":{"line":247,"column":0},"end":{"line":247,"column":30}},"247":{"start":{"line":248,"column":0},"end":{"line":248,"column":39}},"248":{"start":{"line":249,"column":0},"end":{"line":249,"column":31}},"249":{"start":{"line":250,"column":0},"end":{"line":250,"column":47}},"250":{"start":{"line":251,"column":0},"end":{"line":251,"column":16}},"251":{"start":{"line":252,"column":0},"end":{"line":252,"column":43}},"252":{"start":{"line":253,"column":0},"end":{"line":253,"column":9}},"253":{"start":{"line":254,"column":0},"end":{"line":254,"column":50}},"254":{"start":{"line":255,"column":0},"end":{"line":255,"column":22}},"255":{"start":{"line":256,"column":0},"end":{"line":256,"column":7}},"256":{"start":{"line":257,"column":0},"end":{"line":257,"column":52}},"257":{"start":{"line":258,"column":0},"end":{"line":258,"column":6}},"258":{"start":{"line":259,"column":0},"end":{"line":259,"column":3}},"260":{"start":{"line":261,"column":0},"end":{"line":261,"column":35}},"261":{"start":{"line":262,"column":0},"end":{"line":262,"column":24}},"262":{"start":{"line":263,"column":0},"end":{"line":263,"column":53}},"263":{"start":{"line":264,"column":0},"end":{"line":264,"column":120}},"264":{"start":{"line":265,"column":0},"end":{"line":265,"column":43}},"265":{"start":{"line":266,"column":0},"end":{"line":266,"column":33}},"266":{"start":{"line":267,"column":0},"end":{"line":267,"column":40}},"267":{"start":{"line":268,"column":0},"end":{"line":268,"column":36}},"268":{"start":{"line":269,"column":0},"end":{"line":269,"column":36}},"269":{"start":{"line":270,"column":0},"end":{"line":270,"column":6}},"270":{"start":{"line":271,"column":0},"end":{"line":271,"column":3}},"272":{"start":{"line":273,"column":0},"end":{"line":273,"column":13}},"273":{"start":{"line":274,"column":0},"end":{"line":274,"column":66}},"274":{"start":{"line":275,"column":0},"end":{"line":275,"column":36}},"275":{"start":{"line":276,"column":0},"end":{"line":276,"column":57}},"276":{"start":{"line":277,"column":0},"end":{"line":277,"column":42}},"277":{"start":{"line":278,"column":0},"end":{"line":278,"column":27}},"278":{"start":{"line":279,"column":0},"end":{"line":279,"column":27}},"279":{"start":{"line":280,"column":0},"end":{"line":280,"column":18}},"280":{"start":{"line":281,"column":0},"end":{"line":281,"column":10}},"281":{"start":{"line":282,"column":0},"end":{"line":282,"column":14}},"282":{"start":{"line":283,"column":0},"end":{"line":283,"column":7}},"283":{"start":{"line":284,"column":0},"end":{"line":284,"column":70}},"284":{"start":{"line":285,"column":0},"end":{"line":285,"column":39}},"285":{"start":{"line":286,"column":0},"end":{"line":286,"column":40}},"286":{"start":{"line":287,"column":0},"end":{"line":287,"column":31}},"287":{"start":{"line":288,"column":0},"end":{"line":288,"column":30}},"288":{"start":{"line":289,"column":0},"end":{"line":289,"column":16}},"289":{"start":{"line":290,"column":0},"end":{"line":290,"column":8}},"290":{"start":{"line":291,"column":0},"end":{"line":291,"column":6}},"291":{"start":{"line":292,"column":0},"end":{"line":292,"column":54}},"292":{"start":{"line":293,"column":0},"end":{"line":293,"column":52}},"293":{"start":{"line":294,"column":0},"end":{"line":294,"column":21}},"294":{"start":{"line":295,"column":0},"end":{"line":295,"column":80}},"295":{"start":{"line":296,"column":0},"end":{"line":296,"column":42}},"296":{"start":{"line":297,"column":0},"end":{"line":297,"column":27}},"297":{"start":{"line":298,"column":0},"end":{"line":298,"column":27}},"298":{"start":{"line":299,"column":0},"end":{"line":299,"column":18}},"299":{"start":{"line":300,"column":0},"end":{"line":300,"column":10}},"300":{"start":{"line":301,"column":0},"end":{"line":301,"column":14}},"301":{"start":{"line":302,"column":0},"end":{"line":302,"column":7}},"302":{"start":{"line":303,"column":0},"end":{"line":303,"column":59}},"303":{"start":{"line":304,"column":0},"end":{"line":304,"column":37}},"304":{"start":{"line":305,"column":0},"end":{"line":305,"column":39}},"305":{"start":{"line":306,"column":0},"end":{"line":306,"column":40}},"306":{"start":{"line":307,"column":0},"end":{"line":307,"column":31}},"307":{"start":{"line":308,"column":0},"end":{"line":308,"column":30}},"308":{"start":{"line":309,"column":0},"end":{"line":309,"column":16}},"309":{"start":{"line":310,"column":0},"end":{"line":310,"column":8}},"310":{"start":{"line":311,"column":0},"end":{"line":311,"column":6}},"311":{"start":{"line":312,"column":0},"end":{"line":312,"column":3}},"313":{"start":{"line":314,"column":0},"end":{"line":314,"column":30}},"314":{"start":{"line":315,"column":0},"end":{"line":315,"column":32}},"315":{"start":{"line":316,"column":0},"end":{"line":316,"column":23}},"316":{"start":{"line":317,"column":0},"end":{"line":317,"column":27}},"317":{"start":{"line":318,"column":0},"end":{"line":318,"column":26}},"318":{"start":{"line":319,"column":0},"end":{"line":319,"column":12}},"319":{"start":{"line":320,"column":0},"end":{"line":320,"column":3}},"321":{"start":{"line":322,"column":0},"end":{"line":322,"column":19}},"323":{"start":{"line":324,"column":0},"end":{"line":324,"column":53}},"324":{"start":{"line":325,"column":0},"end":{"line":325,"column":31}},"326":{"start":{"line":327,"column":0},"end":{"line":327,"column":59}},"328":{"start":{"line":329,"column":0},"end":{"line":329,"column":9}},"330":{"start":{"line":331,"column":0},"end":{"line":331,"column":40}},"331":{"start":{"line":332,"column":0},"end":{"line":332,"column":24}},"332":{"start":{"line":333,"column":0},"end":{"line":333,"column":49}},"333":{"start":{"line":334,"column":0},"end":{"line":334,"column":82}},"334":{"start":{"line":335,"column":0},"end":{"line":335,"column":22}},"335":{"start":{"line":336,"column":0},"end":{"line":336,"column":42}},"336":{"start":{"line":337,"column":0},"end":{"line":337,"column":40}},"337":{"start":{"line":338,"column":0},"end":{"line":338,"column":30}},"338":{"start":{"line":339,"column":0},"end":{"line":339,"column":30}},"339":{"start":{"line":340,"column":0},"end":{"line":340,"column":14}},"340":{"start":{"line":341,"column":0},"end":{"line":341,"column":5}},"341":{"start":{"line":342,"column":0},"end":{"line":342,"column":23}},"342":{"start":{"line":343,"column":0},"end":{"line":343,"column":86}},"343":{"start":{"line":344,"column":0},"end":{"line":344,"column":25}},"344":{"start":{"line":345,"column":0},"end":{"line":345,"column":58}},"345":{"start":{"line":346,"column":0},"end":{"line":346,"column":15}},"346":{"start":{"line":347,"column":0},"end":{"line":347,"column":5}},"348":{"start":{"line":349,"column":0},"end":{"line":349,"column":28}},"349":{"start":{"line":350,"column":0},"end":{"line":350,"column":31}},"350":{"start":{"line":351,"column":0},"end":{"line":351,"column":74}},"351":{"start":{"line":352,"column":0},"end":{"line":352,"column":64}},"352":{"start":{"line":353,"column":0},"end":{"line":353,"column":45}},"353":{"start":{"line":354,"column":0},"end":{"line":354,"column":38}},"354":{"start":{"line":355,"column":0},"end":{"line":355,"column":48}},"355":{"start":{"line":356,"column":0},"end":{"line":356,"column":8}},"356":{"start":{"line":357,"column":0},"end":{"line":357,"column":32}},"357":{"start":{"line":358,"column":0},"end":{"line":358,"column":90}},"358":{"start":{"line":359,"column":0},"end":{"line":359,"column":15}},"359":{"start":{"line":360,"column":0},"end":{"line":360,"column":5}},"361":{"start":{"line":362,"column":0},"end":{"line":362,"column":31}},"362":{"start":{"line":363,"column":0},"end":{"line":363,"column":25}},"363":{"start":{"line":364,"column":0},"end":{"line":364,"column":9}},"364":{"start":{"line":365,"column":0},"end":{"line":365,"column":59}},"365":{"start":{"line":366,"column":0},"end":{"line":366,"column":67}},"366":{"start":{"line":367,"column":0},"end":{"line":367,"column":53}},"367":{"start":{"line":368,"column":0},"end":{"line":368,"column":61}},"368":{"start":{"line":369,"column":0},"end":{"line":369,"column":48}},"369":{"start":{"line":370,"column":0},"end":{"line":370,"column":44}},"370":{"start":{"line":371,"column":0},"end":{"line":371,"column":44}},"371":{"start":{"line":372,"column":0},"end":{"line":372,"column":8}},"372":{"start":{"line":373,"column":0},"end":{"line":373,"column":28}},"374":{"start":{"line":375,"column":0},"end":{"line":375,"column":58}},"375":{"start":{"line":376,"column":0},"end":{"line":376,"column":86}},"376":{"start":{"line":377,"column":0},"end":{"line":377,"column":24}},"377":{"start":{"line":378,"column":0},"end":{"line":378,"column":61}},"378":{"start":{"line":379,"column":0},"end":{"line":379,"column":73}},"379":{"start":{"line":380,"column":0},"end":{"line":380,"column":48}},"380":{"start":{"line":381,"column":0},"end":{"line":381,"column":55}},"381":{"start":{"line":382,"column":0},"end":{"line":382,"column":75}},"382":{"start":{"line":383,"column":0},"end":{"line":383,"column":50}},"383":{"start":{"line":384,"column":0},"end":{"line":384,"column":10}},"384":{"start":{"line":385,"column":0},"end":{"line":385,"column":14}},"385":{"start":{"line":386,"column":0},"end":{"line":386,"column":17}},"386":{"start":{"line":387,"column":0},"end":{"line":387,"column":7}},"387":{"start":{"line":388,"column":0},"end":{"line":388,"column":5}},"389":{"start":{"line":390,"column":0},"end":{"line":390,"column":28}},"390":{"start":{"line":391,"column":0},"end":{"line":391,"column":31}},"391":{"start":{"line":392,"column":0},"end":{"line":392,"column":90}},"392":{"start":{"line":393,"column":0},"end":{"line":393,"column":15}},"393":{"start":{"line":394,"column":0},"end":{"line":394,"column":5}},"396":{"start":{"line":397,"column":0},"end":{"line":397,"column":38}},"397":{"start":{"line":398,"column":0},"end":{"line":398,"column":29}},"399":{"start":{"line":400,"column":0},"end":{"line":400,"column":84}},"400":{"start":{"line":401,"column":0},"end":{"line":401,"column":132}},"401":{"start":{"line":402,"column":0},"end":{"line":402,"column":45}},"402":{"start":{"line":403,"column":0},"end":{"line":403,"column":38}},"403":{"start":{"line":404,"column":0},"end":{"line":404,"column":48}},"404":{"start":{"line":405,"column":0},"end":{"line":405,"column":52}},"405":{"start":{"line":406,"column":0},"end":{"line":406,"column":52}},"406":{"start":{"line":407,"column":0},"end":{"line":407,"column":8}},"407":{"start":{"line":408,"column":0},"end":{"line":408,"column":41}},"408":{"start":{"line":409,"column":0},"end":{"line":409,"column":102}},"409":{"start":{"line":410,"column":0},"end":{"line":410,"column":47}},"410":{"start":{"line":411,"column":0},"end":{"line":411,"column":41}},"411":{"start":{"line":412,"column":0},"end":{"line":412,"column":52}},"412":{"start":{"line":413,"column":0},"end":{"line":413,"column":10}},"414":{"start":{"line":415,"column":0},"end":{"line":415,"column":84}},"415":{"start":{"line":416,"column":0},"end":{"line":416,"column":7}},"416":{"start":{"line":417,"column":0},"end":{"line":417,"column":6}},"417":{"start":{"line":418,"column":0},"end":{"line":418,"column":15}},"418":{"start":{"line":419,"column":0},"end":{"line":419,"column":47}},"419":{"start":{"line":420,"column":0},"end":{"line":420,"column":53}},"420":{"start":{"line":421,"column":0},"end":{"line":421,"column":11}},"421":{"start":{"line":422,"column":0},"end":{"line":422,"column":50}},"422":{"start":{"line":423,"column":0},"end":{"line":423,"column":31}},"423":{"start":{"line":424,"column":0},"end":{"line":424,"column":38}},"425":{"start":{"line":426,"column":0},"end":{"line":426,"column":13}},"427":{"start":{"line":428,"column":0},"end":{"line":428,"column":99}},"428":{"start":{"line":429,"column":0},"end":{"line":429,"column":27}},"429":{"start":{"line":430,"column":0},"end":{"line":430,"column":18}},"430":{"start":{"line":431,"column":0},"end":{"line":431,"column":16}},"431":{"start":{"line":432,"column":0},"end":{"line":432,"column":5}},"432":{"start":{"line":433,"column":0},"end":{"line":433,"column":12}},"433":{"start":{"line":434,"column":0},"end":{"line":434,"column":15}},"434":{"start":{"line":435,"column":0},"end":{"line":435,"column":3}},"436":{"start":{"line":437,"column":0},"end":{"line":437,"column":44}},"437":{"start":{"line":438,"column":0},"end":{"line":438,"column":40}},"438":{"start":{"line":439,"column":0},"end":{"line":439,"column":99}},"439":{"start":{"line":440,"column":0},"end":{"line":440,"column":119}},"440":{"start":{"line":441,"column":0},"end":{"line":441,"column":89}},"441":{"start":{"line":442,"column":0},"end":{"line":442,"column":66}},"443":{"start":{"line":444,"column":0},"end":{"line":444,"column":244}},"444":{"start":{"line":445,"column":0},"end":{"line":445,"column":1}}},"s":{"0":1,"15":51,"16":51,"17":51,"18":51,"19":51,"20":51,"21":51,"22":0,"23":0,"24":0,"25":51,"26":51,"27":51,"28":45,"29":45,"30":45,"31":51,"32":51,"33":51,"34":51,"35":51,"37":51,"38":51,"39":51,"40":51,"42":51,"43":51,"44":906,"45":906,"47":906,"48":906,"49":906,"51":51,"54":50,"55":17,"56":0,"57":0,"58":0,"59":50,"61":51,"62":53,"63":3,"64":3,"65":3,"66":50,"67":50,"68":50,"69":50,"70":50,"71":50,"72":50,"73":50,"74":53,"75":0,"76":0,"77":53,"79":51,"80":52,"82":50,"83":50,"85":7,"86":7,"87":7,"88":7,"89":7,"90":7,"91":7,"92":7,"93":46,"94":46,"95":39,"96":46,"97":7,"98":46,"100":32,"101":6,"102":6,"103":32,"104":39,"105":46,"106":7,"107":7,"108":12,"109":0,"110":0,"111":7,"112":4,"113":4,"114":12,"115":6,"116":6,"117":6,"118":12,"120":0,"121":52,"123":51,"124":51,"125":11,"127":11,"128":3,"129":3,"130":11,"131":51,"132":53,"133":15,"134":53,"135":11,"136":31,"137":53,"138":11,"139":11,"140":13,"141":25,"142":11,"143":53,"144":51,"145":3,"146":3,"147":3,"148":3,"149":3,"150":3,"151":1,"152":1,"153":1,"154":1,"155":1,"156":3,"157":51,"158":1537,"159":1537,"161":51,"163":53,"164":53,"165":53,"166":53,"167":53,"168":53,"169":53,"170":11,"171":11,"172":11,"173":11,"174":53,"175":4,"176":4,"178":42,"180":42,"181":42,"182":42,"183":42,"184":42,"185":42,"186":42,"187":42,"188":42,"189":42,"190":42,"191":42,"192":42,"193":53,"194":0,"195":0,"196":42,"197":42,"198":42,"199":42,"200":42,"201":42,"202":42,"203":44,"204":44,"205":3,"206":3,"207":44,"208":2,"209":2,"210":2,"211":2,"212":6,"213":0,"214":0,"215":0,"216":0,"217":1,"218":44,"219":42,"220":42,"221":53,"222":1,"223":1,"224":1,"225":1,"226":1,"227":53,"228":1,"229":1,"230":53,"232":0,"233":41,"234":41,"235":41,"236":53,"238":51,"239":959,"240":959,"241":959,"242":959,"243":959,"244":959,"245":2496,"246":2496,"247":1537,"248":1550,"249":1535,"250":2496,"251":2,"252":2,"253":2496,"254":2496,"255":2496,"256":959,"257":959,"258":959,"260":51,"261":68,"262":68,"263":68,"264":68,"265":68,"266":68,"267":68,"268":68,"269":68,"270":68,"272":51,"273":49,"274":11,"275":11,"276":0,"277":0,"278":0,"279":0,"280":0,"281":0,"282":0,"283":11,"284":11,"285":11,"286":11,"287":11,"288":11,"289":11,"290":49,"291":51,"292":2,"293":6,"294":6,"295":0,"296":0,"297":0,"298":0,"299":0,"300":0,"301":0,"302":6,"303":4,"304":4,"305":4,"306":4,"307":4,"308":4,"309":4,"310":2,"311":2,"313":51,"314":53,"315":53,"316":53,"317":53,"318":53,"319":53,"321":51,"323":51,"324":51,"326":51,"328":896,"330":896,"331":896,"332":2,"333":2,"334":2,"335":2,"336":2,"337":2,"338":2,"339":2,"340":2,"341":896,"342":2,"343":2,"344":2,"345":2,"346":2,"348":896,"349":1,"350":1,"351":1,"352":1,"353":1,"354":1,"355":1,"356":1,"357":1,"358":1,"359":1,"361":891,"362":891,"363":891,"364":891,"365":891,"366":891,"367":891,"368":891,"369":891,"370":891,"371":891,"372":896,"374":2,"375":2,"376":2,"377":2,"378":2,"379":2,"380":2,"381":2,"382":2,"383":2,"384":2,"385":0,"386":0,"387":2,"389":896,"390":0,"391":0,"392":0,"393":0,"396":891,"397":891,"399":891,"400":891,"401":891,"402":891,"403":891,"404":891,"405":891,"406":891,"407":891,"408":52,"409":52,"410":52,"411":52,"412":52,"414":52,"415":52,"416":891,"417":891,"418":889,"419":896,"420":2,"421":2,"422":2,"423":2,"425":2,"427":2,"428":2,"429":2,"430":2,"431":2,"432":891,"433":891,"434":896,"436":51,"437":51,"438":51,"439":51,"440":51,"441":51,"443":51,"444":51},"branchMap":{"0":{"type":"branch","line":16,"loc":{"start":{"line":16,"column":0},"end":{"line":445,"column":1}},"locations":[{"start":{"line":16,"column":0},"end":{"line":445,"column":1}}]},"1":{"type":"branch","line":17,"loc":{"start":{"line":17,"column":23},"end":{"line":17,"column":41}},"locations":[{"start":{"line":17,"column":23},"end":{"line":17,"column":41}}]},"2":{"type":"branch","line":18,"loc":{"start":{"line":18,"column":25},"end":{"line":18,"column":52}},"locations":[{"start":{"line":18,"column":25},"end":{"line":18,"column":52}}]},"3":{"type":"branch","line":26,"loc":{"start":{"line":26,"column":15},"end":{"line":26,"column":83}},"locations":[{"start":{"line":26,"column":15},"end":{"line":26,"column":83}}]},"4":{"type":"branch","line":26,"loc":{"start":{"line":26,"column":58},"end":{"line":26,"column":87}},"locations":[{"start":{"line":26,"column":58},"end":{"line":26,"column":87}}]},"5":{"type":"branch","line":27,"loc":{"start":{"line":27,"column":74},"end":{"line":27,"column":95}},"locations":[{"start":{"line":27,"column":74},"end":{"line":27,"column":95}}]},"6":{"type":"branch","line":39,"loc":{"start":{"line":39,"column":59},"end":{"line":39,"column":83}},"locations":[{"start":{"line":39,"column":59},"end":{"line":39,"column":83}}]},"7":{"type":"branch","line":40,"loc":{"start":{"line":40,"column":52},"end":{"line":40,"column":69}},"locations":[{"start":{"line":40,"column":52},"end":{"line":40,"column":69}}]},"8":{"type":"branch","line":273,"loc":{"start":{"line":273,"column":12},"end":{"line":292,"column":13}},"locations":[{"start":{"line":273,"column":12},"end":{"line":292,"column":13}}]},"9":{"type":"branch","line":292,"loc":{"start":{"line":292,"column":2},"end":{"line":312,"column":3}},"locations":[{"start":{"line":292,"column":2},"end":{"line":312,"column":3}}]},"10":{"type":"branch","line":28,"loc":{"start":{"line":28,"column":2},"end":{"line":31,"column":3}},"locations":[{"start":{"line":28,"column":2},"end":{"line":31,"column":3}}]},"11":{"type":"branch","line":29,"loc":{"start":{"line":29,"column":14},"end":{"line":29,"column":20}},"locations":[{"start":{"line":29,"column":14},"end":{"line":29,"column":20}}]},"12":{"type":"branch","line":30,"loc":{"start":{"line":30,"column":46},"end":{"line":30,"column":56}},"locations":[{"start":{"line":30,"column":46},"end":{"line":30,"column":56}}]},"13":{"type":"branch","line":30,"loc":{"start":{"line":30,"column":58},"end":{"line":30,"column":68}},"locations":[{"start":{"line":30,"column":58},"end":{"line":30,"column":68}}]},"14":{"type":"branch","line":36,"loc":{"start":{"line":36,"column":17},"end":{"line":36,"column":76}},"locations":[{"start":{"line":36,"column":17},"end":{"line":36,"column":76}}]},"15":{"type":"branch","line":36,"loc":{"start":{"line":36,"column":52},"end":{"line":36,"column":75}},"locations":[{"start":{"line":36,"column":52},"end":{"line":36,"column":75}}]},"16":{"type":"branch","line":41,"loc":{"start":{"line":41,"column":22},"end":{"line":41,"column":81}},"locations":[{"start":{"line":41,"column":22},"end":{"line":41,"column":81}}]},"17":{"type":"branch","line":44,"loc":{"start":{"line":44,"column":25},"end":{"line":50,"column":3}},"locations":[{"start":{"line":44,"column":25},"end":{"line":50,"column":3}}]},"18":{"type":"branch","line":45,"loc":{"start":{"line":45,"column":18},"end":{"line":45,"column":42}},"locations":[{"start":{"line":45,"column":18},"end":{"line":45,"column":42}}]},"19":{"type":"branch","line":52,"loc":{"start":{"line":52,"column":2},"end":{"line":60,"column":3}},"locations":[{"start":{"line":52,"column":2},"end":{"line":60,"column":3}}]},"20":{"type":"branch","line":55,"loc":{"start":{"line":55,"column":59},"end":{"line":56,"column":39}},"locations":[{"start":{"line":55,"column":59},"end":{"line":56,"column":39}}]},"21":{"type":"branch","line":55,"loc":{"start":{"line":55,"column":59},"end":{"line":55,"column":68}},"locations":[{"start":{"line":55,"column":59},"end":{"line":55,"column":68}}]},"22":{"type":"branch","line":55,"loc":{"start":{"line":55,"column":66},"end":{"line":56,"column":39}},"locations":[{"start":{"line":55,"column":66},"end":{"line":56,"column":39}}]},"23":{"type":"branch","line":56,"loc":{"start":{"line":56,"column":37},"end":{"line":59,"column":14}},"locations":[{"start":{"line":56,"column":37},"end":{"line":59,"column":14}}]},"24":{"type":"branch","line":62,"loc":{"start":{"line":62,"column":2},"end":{"line":78,"column":3}},"locations":[{"start":{"line":62,"column":2},"end":{"line":78,"column":3}}]},"25":{"type":"branch","line":63,"loc":{"start":{"line":63,"column":39},"end":{"line":63,"column":75}},"locations":[{"start":{"line":63,"column":39},"end":{"line":63,"column":75}}]},"26":{"type":"branch","line":63,"loc":{"start":{"line":63,"column":75},"end":{"line":75,"column":12}},"locations":[{"start":{"line":63,"column":75},"end":{"line":75,"column":12}}]},"27":{"type":"branch","line":63,"loc":{"start":{"line":63,"column":75},"end":{"line":66,"column":5}},"locations":[{"start":{"line":63,"column":75},"end":{"line":66,"column":5}}]},"28":{"type":"branch","line":66,"loc":{"start":{"line":66,"column":4},"end":{"line":75,"column":12}},"locations":[{"start":{"line":66,"column":4},"end":{"line":75,"column":12}}]},"29":{"type":"branch","line":75,"loc":{"start":{"line":75,"column":4},"end":{"line":77,"column":5}},"locations":[{"start":{"line":75,"column":4},"end":{"line":77,"column":5}}]},"30":{"type":"branch","line":70,"loc":{"start":{"line":70,"column":46},"end":{"line":73,"column":7}},"locations":[{"start":{"line":70,"column":46},"end":{"line":73,"column":7}}]},"31":{"type":"branch","line":71,"loc":{"start":{"line":71,"column":29},"end":{"line":71,"column":68}},"locations":[{"start":{"line":71,"column":29},"end":{"line":71,"column":68}}]},"32":{"type":"branch","line":71,"loc":{"start":{"line":71,"column":55},"end":{"line":71,"column":66}},"locations":[{"start":{"line":71,"column":55},"end":{"line":71,"column":66}}]},"33":{"type":"branch","line":80,"loc":{"start":{"line":80,"column":2},"end":{"line":122,"column":3}},"locations":[{"start":{"line":80,"column":2},"end":{"line":122,"column":3}}]},"34":{"type":"branch","line":81,"loc":{"start":{"line":81,"column":18},"end":{"line":81,"column":24}},"locations":[{"start":{"line":81,"column":18},"end":{"line":81,"column":24}}]},"35":{"type":"branch","line":81,"loc":{"start":{"line":81,"column":18},"end":{"line":84,"column":44}},"locations":[{"start":{"line":81,"column":18},"end":{"line":84,"column":44}}]},"36":{"type":"branch","line":84,"loc":{"start":{"line":84,"column":38},"end":{"line":84,"column":44}},"locations":[{"start":{"line":84,"column":38},"end":{"line":84,"column":44}}]},"37":{"type":"branch","line":84,"loc":{"start":{"line":84,"column":38},"end":{"line":121,"column":5}},"locations":[{"start":{"line":84,"column":38},"end":{"line":121,"column":5}}]},"38":{"type":"branch","line":84,"loc":{"start":{"line":84,"column":38},"end":{"line":109,"column":12}},"locations":[{"start":{"line":84,"column":38},"end":{"line":109,"column":12}}]},"39":{"type":"branch","line":109,"loc":{"start":{"line":109,"column":4},"end":{"line":111,"column":5}},"locations":[{"start":{"line":109,"column":4},"end":{"line":111,"column":5}}]},"40":{"type":"branch","line":111,"loc":{"start":{"line":111,"column":4},"end":{"line":112,"column":32}},"locations":[{"start":{"line":111,"column":4},"end":{"line":112,"column":32}}]},"41":{"type":"branch","line":112,"loc":{"start":{"line":112,"column":26},"end":{"line":112,"column":32}},"locations":[{"start":{"line":112,"column":26},"end":{"line":112,"column":32}}]},"42":{"type":"branch","line":112,"loc":{"start":{"line":112,"column":26},"end":{"line":115,"column":32}},"locations":[{"start":{"line":112,"column":26},"end":{"line":115,"column":32}}]},"43":{"type":"branch","line":115,"loc":{"start":{"line":115,"column":32},"end":{"line":118,"column":7}},"locations":[{"start":{"line":115,"column":32},"end":{"line":118,"column":7}}]},"44":{"type":"branch","line":118,"loc":{"start":{"line":118,"column":6},"end":{"line":119,"column":12}},"locations":[{"start":{"line":118,"column":6},"end":{"line":119,"column":12}}]},"45":{"type":"branch","line":119,"loc":{"start":{"line":119,"column":4},"end":{"line":121,"column":5}},"locations":[{"start":{"line":119,"column":4},"end":{"line":121,"column":5}}]},"46":{"type":"branch","line":92,"loc":{"start":{"line":92,"column":30},"end":{"line":108,"column":7}},"locations":[{"start":{"line":92,"column":30},"end":{"line":108,"column":7}}]},"47":{"type":"branch","line":93,"loc":{"start":{"line":93,"column":27},"end":{"line":106,"column":9}},"locations":[{"start":{"line":93,"column":27},"end":{"line":106,"column":9}}]},"48":{"type":"branch","line":95,"loc":{"start":{"line":95,"column":18},"end":{"line":95,"column":30}},"locations":[{"start":{"line":95,"column":18},"end":{"line":95,"column":30}}]},"49":{"type":"branch","line":95,"loc":{"start":{"line":95,"column":29},"end":{"line":97,"column":42}},"locations":[{"start":{"line":95,"column":29},"end":{"line":97,"column":42}}]},"50":{"type":"branch","line":97,"loc":{"start":{"line":97,"column":42},"end":{"line":99,"column":17}},"locations":[{"start":{"line":97,"column":42},"end":{"line":99,"column":17}}]},"51":{"type":"branch","line":99,"loc":{"start":{"line":99,"column":10},"end":{"line":104,"column":11}},"locations":[{"start":{"line":99,"column":10},"end":{"line":104,"column":11}}]},"52":{"type":"branch","line":101,"loc":{"start":{"line":101,"column":48},"end":{"line":103,"column":13}},"locations":[{"start":{"line":101,"column":48},"end":{"line":103,"column":13}}]},"53":{"type":"branch","line":104,"loc":{"start":{"line":104,"column":10},"end":{"line":105,"column":22}},"locations":[{"start":{"line":104,"column":10},"end":{"line":105,"column":22}}]},"54":{"type":"branch","line":117,"loc":{"start":{"line":117,"column":32},"end":{"line":117,"column":122}},"locations":[{"start":{"line":117,"column":32},"end":{"line":117,"column":122}}]},"55":{"type":"branch","line":117,"loc":{"start":{"line":117,"column":67},"end":{"line":117,"column":80}},"locations":[{"start":{"line":117,"column":67},"end":{"line":117,"column":80}}]},"56":{"type":"branch","line":124,"loc":{"start":{"line":124,"column":2},"end":{"line":124,"column":127}},"locations":[{"start":{"line":124,"column":2},"end":{"line":124,"column":127}}]},"57":{"type":"branch","line":124,"loc":{"start":{"line":124,"column":78},"end":{"line":124,"column":108}},"locations":[{"start":{"line":124,"column":78},"end":{"line":124,"column":108}}]},"58":{"type":"branch","line":124,"loc":{"start":{"line":124,"column":96},"end":{"line":124,"column":126}},"locations":[{"start":{"line":124,"column":96},"end":{"line":124,"column":126}}]},"59":{"type":"branch","line":125,"loc":{"start":{"line":125,"column":2},"end":{"line":131,"column":3}},"locations":[{"start":{"line":125,"column":2},"end":{"line":131,"column":3}}]},"60":{"type":"branch","line":126,"loc":{"start":{"line":126,"column":10},"end":{"line":126,"column":31}},"locations":[{"start":{"line":126,"column":10},"end":{"line":126,"column":31}}]},"61":{"type":"branch","line":126,"loc":{"start":{"line":126,"column":31},"end":{"line":126,"column":41}},"locations":[{"start":{"line":126,"column":31},"end":{"line":126,"column":41}}]},"62":{"type":"branch","line":128,"loc":{"start":{"line":128,"column":25},"end":{"line":128,"column":113}},"locations":[{"start":{"line":128,"column":25},"end":{"line":128,"column":113}}]},"63":{"type":"branch","line":128,"loc":{"start":{"line":128,"column":73},"end":{"line":128,"column":154}},"locations":[{"start":{"line":128,"column":73},"end":{"line":128,"column":154}}]},"64":{"type":"branch","line":128,"loc":{"start":{"line":128,"column":154},"end":{"line":130,"column":5}},"locations":[{"start":{"line":128,"column":154},"end":{"line":130,"column":5}}]},"65":{"type":"branch","line":132,"loc":{"start":{"line":132,"column":2},"end":{"line":144,"column":3}},"locations":[{"start":{"line":132,"column":2},"end":{"line":144,"column":3}}]},"66":{"type":"branch","line":133,"loc":{"start":{"line":133,"column":29},"end":{"line":135,"column":70}},"locations":[{"start":{"line":133,"column":29},"end":{"line":135,"column":70}}]},"67":{"type":"branch","line":133,"loc":{"start":{"line":133,"column":29},"end":{"line":133,"column":41}},"locations":[{"start":{"line":133,"column":29},"end":{"line":133,"column":41}}]},"68":{"type":"branch","line":133,"loc":{"start":{"line":133,"column":36},"end":{"line":135,"column":70}},"locations":[{"start":{"line":133,"column":36},"end":{"line":135,"column":70}}]},"69":{"type":"branch","line":135,"loc":{"start":{"line":135,"column":70},"end":{"line":138,"column":63}},"locations":[{"start":{"line":135,"column":70},"end":{"line":138,"column":63}}]},"70":{"type":"branch","line":135,"loc":{"start":{"line":135,"column":70},"end":{"line":137,"column":34}},"locations":[{"start":{"line":135,"column":70},"end":{"line":137,"column":34}}]},"71":{"type":"branch","line":135,"loc":{"start":{"line":135,"column":70},"end":{"line":135,"column":82}},"locations":[{"start":{"line":135,"column":70},"end":{"line":135,"column":82}}]},"72":{"type":"branch","line":135,"loc":{"start":{"line":135,"column":77},"end":{"line":137,"column":34}},"locations":[{"start":{"line":135,"column":77},"end":{"line":137,"column":34}}]},"73":{"type":"branch","line":137,"loc":{"start":{"line":137,"column":27},"end":{"line":138,"column":63}},"locations":[{"start":{"line":137,"column":27},"end":{"line":138,"column":63}}]},"74":{"type":"branch","line":137,"loc":{"start":{"line":137,"column":27},"end":{"line":137,"column":39}},"locations":[{"start":{"line":137,"column":27},"end":{"line":137,"column":39}}]},"75":{"type":"branch","line":137,"loc":{"start":{"line":137,"column":34},"end":{"line":138,"column":63}},"locations":[{"start":{"line":137,"column":34},"end":{"line":138,"column":63}}]},"76":{"type":"branch","line":138,"loc":{"start":{"line":138,"column":63},"end":{"line":143,"column":15}},"locations":[{"start":{"line":138,"column":63},"end":{"line":143,"column":15}}]},"77":{"type":"branch","line":138,"loc":{"start":{"line":138,"column":63},"end":{"line":138,"column":75}},"locations":[{"start":{"line":138,"column":63},"end":{"line":138,"column":75}}]},"78":{"type":"branch","line":138,"loc":{"start":{"line":138,"column":70},"end":{"line":141,"column":96}},"locations":[{"start":{"line":138,"column":70},"end":{"line":141,"column":96}}]},"79":{"type":"branch","line":138,"loc":{"start":{"line":138,"column":70},"end":{"line":141,"column":49}},"locations":[{"start":{"line":138,"column":70},"end":{"line":141,"column":49}}]},"80":{"type":"branch","line":141,"loc":{"start":{"line":141,"column":45},"end":{"line":141,"column":96}},"locations":[{"start":{"line":141,"column":45},"end":{"line":141,"column":96}}]},"81":{"type":"branch","line":141,"loc":{"start":{"line":141,"column":84},"end":{"line":141,"column":96}},"locations":[{"start":{"line":141,"column":84},"end":{"line":141,"column":96}}]},"82":{"type":"branch","line":141,"loc":{"start":{"line":141,"column":91},"end":{"line":142,"column":94}},"locations":[{"start":{"line":141,"column":91},"end":{"line":142,"column":94}}]},"83":{"type":"branch","line":141,"loc":{"start":{"line":141,"column":91},"end":{"line":142,"column":48}},"locations":[{"start":{"line":141,"column":91},"end":{"line":142,"column":48}}]},"84":{"type":"branch","line":142,"loc":{"start":{"line":142,"column":44},"end":{"line":142,"column":94}},"locations":[{"start":{"line":142,"column":44},"end":{"line":142,"column":94}}]},"85":{"type":"branch","line":142,"loc":{"start":{"line":142,"column":82},"end":{"line":142,"column":94}},"locations":[{"start":{"line":142,"column":82},"end":{"line":142,"column":94}}]},"86":{"type":"branch","line":142,"loc":{"start":{"line":142,"column":89},"end":{"line":143,"column":15}},"locations":[{"start":{"line":142,"column":89},"end":{"line":143,"column":15}}]},"87":{"type":"branch","line":145,"loc":{"start":{"line":145,"column":2},"end":{"line":157,"column":3}},"locations":[{"start":{"line":145,"column":2},"end":{"line":157,"column":3}}]},"88":{"type":"branch","line":146,"loc":{"start":{"line":146,"column":29},"end":{"line":146,"column":41}},"locations":[{"start":{"line":146,"column":29},"end":{"line":146,"column":41}}]},"89":{"type":"branch","line":148,"loc":{"start":{"line":148,"column":43},"end":{"line":148,"column":55}},"locations":[{"start":{"line":148,"column":43},"end":{"line":148,"column":55}}]},"90":{"type":"branch","line":150,"loc":{"start":{"line":150,"column":27},"end":{"line":150,"column":39}},"locations":[{"start":{"line":150,"column":27},"end":{"line":150,"column":39}}]},"91":{"type":"branch","line":151,"loc":{"start":{"line":151,"column":32},"end":{"line":151,"column":63}},"locations":[{"start":{"line":151,"column":32},"end":{"line":151,"column":63}}]},"92":{"type":"branch","line":151,"loc":{"start":{"line":151,"column":63},"end":{"line":151,"column":75}},"locations":[{"start":{"line":151,"column":63},"end":{"line":151,"column":75}}]},"93":{"type":"branch","line":151,"loc":{"start":{"line":151,"column":70},"end":{"line":156,"column":15}},"locations":[{"start":{"line":151,"column":70},"end":{"line":156,"column":15}}]},"94":{"type":"branch","line":154,"loc":{"start":{"line":154,"column":84},"end":{"line":154,"column":96}},"locations":[{"start":{"line":154,"column":84},"end":{"line":154,"column":96}}]},"95":{"type":"branch","line":155,"loc":{"start":{"line":155,"column":82},"end":{"line":155,"column":94}},"locations":[{"start":{"line":155,"column":82},"end":{"line":155,"column":94}}]},"96":{"type":"branch","line":158,"loc":{"start":{"line":158,"column":2},"end":{"line":160,"column":3}},"locations":[{"start":{"line":158,"column":2},"end":{"line":160,"column":3}}]},"97":{"type":"branch","line":159,"loc":{"start":{"line":159,"column":49},"end":{"line":159,"column":94}},"locations":[{"start":{"line":159,"column":49},"end":{"line":159,"column":94}}]},"98":{"type":"branch","line":159,"loc":{"start":{"line":159,"column":82},"end":{"line":159,"column":118}},"locations":[{"start":{"line":159,"column":82},"end":{"line":159,"column":118}}]},"99":{"type":"branch","line":162,"loc":{"start":{"line":162,"column":2},"end":{"line":237,"column":3}},"locations":[{"start":{"line":162,"column":2},"end":{"line":237,"column":3}}]},"100":{"type":"branch","line":170,"loc":{"start":{"line":170,"column":33},"end":{"line":175,"column":13}},"locations":[{"start":{"line":170,"column":33},"end":{"line":175,"column":13}}]},"101":{"type":"branch","line":170,"loc":{"start":{"line":170,"column":33},"end":{"line":174,"column":5}},"locations":[{"start":{"line":170,"column":33},"end":{"line":174,"column":5}}]},"102":{"type":"branch","line":174,"loc":{"start":{"line":174,"column":4},"end":{"line":175,"column":13}},"locations":[{"start":{"line":174,"column":4},"end":{"line":175,"column":13}}]},"103":{"type":"branch","line":175,"loc":{"start":{"line":175,"column":13},"end":{"line":177,"column":5}},"locations":[{"start":{"line":175,"column":13},"end":{"line":177,"column":5}}]},"104":{"type":"branch","line":177,"loc":{"start":{"line":177,"column":4},"end":{"line":194,"column":14}},"locations":[{"start":{"line":177,"column":4},"end":{"line":194,"column":14}}]},"105":{"type":"branch","line":194,"loc":{"start":{"line":194,"column":6},"end":{"line":196,"column":7}},"locations":[{"start":{"line":194,"column":6},"end":{"line":196,"column":7}}]},"106":{"type":"branch","line":196,"loc":{"start":{"line":196,"column":6},"end":{"line":222,"column":18}},"locations":[{"start":{"line":196,"column":6},"end":{"line":222,"column":18}}]},"107":{"type":"branch","line":222,"loc":{"start":{"line":222,"column":18},"end":{"line":227,"column":7}},"locations":[{"start":{"line":222,"column":18},"end":{"line":227,"column":7}}]},"108":{"type":"branch","line":227,"loc":{"start":{"line":227,"column":6},"end":{"line":228,"column":21}},"locations":[{"start":{"line":227,"column":6},"end":{"line":228,"column":21}}]},"109":{"type":"branch","line":228,"loc":{"start":{"line":228,"column":21},"end":{"line":230,"column":7}},"locations":[{"start":{"line":228,"column":21},"end":{"line":230,"column":7}}]},"110":{"type":"branch","line":231,"loc":{"start":{"line":231,"column":4},"end":{"line":233,"column":5}},"locations":[{"start":{"line":231,"column":4},"end":{"line":233,"column":5}}]},"111":{"type":"branch","line":233,"loc":{"start":{"line":233,"column":4},"end":{"line":236,"column":40}},"locations":[{"start":{"line":233,"column":4},"end":{"line":236,"column":40}}]},"112":{"type":"branch","line":166,"loc":{"start":{"line":166,"column":66},"end":{"line":169,"column":5}},"locations":[{"start":{"line":166,"column":66},"end":{"line":169,"column":5}}]},"113":{"type":"branch","line":167,"loc":{"start":{"line":167,"column":22},"end":{"line":167,"column":88}},"locations":[{"start":{"line":167,"column":22},"end":{"line":167,"column":88}}]},"114":{"type":"branch","line":185,"loc":{"start":{"line":185,"column":46},"end":{"line":193,"column":9}},"locations":[{"start":{"line":185,"column":46},"end":{"line":193,"column":9}}]},"115":{"type":"branch","line":186,"loc":{"start":{"line":186,"column":28},"end":{"line":191,"column":11}},"locations":[{"start":{"line":186,"column":28},"end":{"line":191,"column":11}}]},"116":{"type":"branch","line":188,"loc":{"start":{"line":188,"column":20},"end":{"line":189,"column":54}},"locations":[{"start":{"line":188,"column":20},"end":{"line":189,"column":54}}]},"117":{"type":"branch","line":188,"loc":{"start":{"line":188,"column":20},"end":{"line":188,"column":33}},"locations":[{"start":{"line":188,"column":20},"end":{"line":188,"column":33}}]},"118":{"type":"branch","line":188,"loc":{"start":{"line":188,"column":32},"end":{"line":189,"column":54}},"locations":[{"start":{"line":188,"column":32},"end":{"line":189,"column":54}}]},"119":{"type":"branch","line":189,"loc":{"start":{"line":189,"column":40},"end":{"line":189,"column":59}},"locations":[{"start":{"line":189,"column":40},"end":{"line":189,"column":59}}]},"120":{"type":"branch","line":190,"loc":{"start":{"line":190,"column":33},"end":{"line":190,"column":41}},"locations":[{"start":{"line":190,"column":33},"end":{"line":190,"column":41}}]},"121":{"type":"branch","line":190,"loc":{"start":{"line":190,"column":37},"end":{"line":190,"column":42}},"locations":[{"start":{"line":190,"column":37},"end":{"line":190,"column":42}}]},"122":{"type":"branch","line":202,"loc":{"start":{"line":202,"column":88},"end":{"line":221,"column":7}},"locations":[{"start":{"line":202,"column":88},"end":{"line":221,"column":7}}]},"123":{"type":"branch","line":203,"loc":{"start":{"line":203,"column":27},"end":{"line":219,"column":9}},"locations":[{"start":{"line":203,"column":27},"end":{"line":219,"column":9}}]},"124":{"type":"branch","line":205,"loc":{"start":{"line":205,"column":18},"end":{"line":208,"column":35}},"locations":[{"start":{"line":205,"column":18},"end":{"line":208,"column":35}}]},"125":{"type":"branch","line":205,"loc":{"start":{"line":205,"column":38},"end":{"line":208,"column":35}},"locations":[{"start":{"line":205,"column":38},"end":{"line":208,"column":35}}]},"126":{"type":"branch","line":208,"loc":{"start":{"line":208,"column":35},"end":{"line":218,"column":23}},"locations":[{"start":{"line":208,"column":35},"end":{"line":218,"column":23}}]},"127":{"type":"branch","line":208,"loc":{"start":{"line":208,"column":35},"end":{"line":212,"column":11}},"locations":[{"start":{"line":208,"column":35},"end":{"line":212,"column":11}}]},"128":{"type":"branch","line":212,"loc":{"start":{"line":212,"column":10},"end":{"line":213,"column":36}},"locations":[{"start":{"line":212,"column":10},"end":{"line":213,"column":36}}]},"129":{"type":"branch","line":213,"loc":{"start":{"line":213,"column":36},"end":{"line":217,"column":11}},"locations":[{"start":{"line":213,"column":36},"end":{"line":217,"column":11}}]},"130":{"type":"branch","line":217,"loc":{"start":{"line":217,"column":10},"end":{"line":218,"column":23}},"locations":[{"start":{"line":217,"column":10},"end":{"line":218,"column":23}}]},"131":{"type":"branch","line":239,"loc":{"start":{"line":239,"column":2},"end":{"line":259,"column":3}},"locations":[{"start":{"line":239,"column":2},"end":{"line":259,"column":3}}]},"132":{"type":"branch","line":240,"loc":{"start":{"line":240,"column":18},"end":{"line":240,"column":24}},"locations":[{"start":{"line":240,"column":18},"end":{"line":240,"column":24}}]},"133":{"type":"branch","line":244,"loc":{"start":{"line":244,"column":28},"end":{"line":258,"column":5}},"locations":[{"start":{"line":244,"column":28},"end":{"line":258,"column":5}}]},"134":{"type":"branch","line":245,"loc":{"start":{"line":245,"column":28},"end":{"line":256,"column":7}},"locations":[{"start":{"line":245,"column":28},"end":{"line":256,"column":7}}]},"135":{"type":"branch","line":247,"loc":{"start":{"line":247,"column":18},"end":{"line":247,"column":30}},"locations":[{"start":{"line":247,"column":18},"end":{"line":247,"column":30}}]},"136":{"type":"branch","line":247,"loc":{"start":{"line":247,"column":29},"end":{"line":251,"column":15}},"locations":[{"start":{"line":247,"column":29},"end":{"line":251,"column":15}}]},"137":{"type":"branch","line":247,"loc":{"start":{"line":247,"column":29},"end":{"line":249,"column":30}},"locations":[{"start":{"line":247,"column":29},"end":{"line":249,"column":30}}]},"138":{"type":"branch","line":249,"loc":{"start":{"line":249,"column":30},"end":{"line":251,"column":15}},"locations":[{"start":{"line":249,"column":30},"end":{"line":251,"column":15}}]},"139":{"type":"branch","line":251,"loc":{"start":{"line":251,"column":8},"end":{"line":253,"column":9}},"locations":[{"start":{"line":251,"column":8},"end":{"line":253,"column":9}}]},"140":{"type":"branch","line":253,"loc":{"start":{"line":253,"column":8},"end":{"line":254,"column":42}},"locations":[{"start":{"line":253,"column":8},"end":{"line":254,"column":42}}]},"141":{"type":"branch","line":254,"loc":{"start":{"line":254,"column":28},"end":{"line":254,"column":49}},"locations":[{"start":{"line":254,"column":28},"end":{"line":254,"column":49}}]},"142":{"type":"branch","line":261,"loc":{"start":{"line":261,"column":2},"end":{"line":271,"column":3}},"locations":[{"start":{"line":261,"column":2},"end":{"line":271,"column":3}}]},"143":{"type":"branch","line":262,"loc":{"start":{"line":262,"column":18},"end":{"line":262,"column":24}},"locations":[{"start":{"line":262,"column":18},"end":{"line":262,"column":24}}]},"144":{"type":"branch","line":265,"loc":{"start":{"line":265,"column":28},"end":{"line":270,"column":5}},"locations":[{"start":{"line":265,"column":28},"end":{"line":270,"column":5}}]},"145":{"type":"branch","line":266,"loc":{"start":{"line":266,"column":22},"end":{"line":266,"column":33}},"locations":[{"start":{"line":266,"column":22},"end":{"line":266,"column":33}}]},"146":{"type":"branch","line":274,"loc":{"start":{"line":274,"column":37},"end":{"line":291,"column":5}},"locations":[{"start":{"line":274,"column":37},"end":{"line":291,"column":5}}]},"147":{"type":"branch","line":276,"loc":{"start":{"line":276,"column":56},"end":{"line":283,"column":7}},"locations":[{"start":{"line":276,"column":56},"end":{"line":283,"column":7}}]},"148":{"type":"branch","line":284,"loc":{"start":{"line":284,"column":53},"end":{"line":284,"column":69}},"locations":[{"start":{"line":284,"column":53},"end":{"line":284,"column":69}}]},"149":{"type":"branch","line":285,"loc":{"start":{"line":285,"column":33},"end":{"line":285,"column":39}},"locations":[{"start":{"line":285,"column":33},"end":{"line":285,"column":39}}]},"150":{"type":"branch","line":286,"loc":{"start":{"line":286,"column":27},"end":{"line":290,"column":7}},"locations":[{"start":{"line":286,"column":27},"end":{"line":290,"column":7}}]},"151":{"type":"branch","line":293,"loc":{"start":{"line":293,"column":32},"end":{"line":311,"column":5}},"locations":[{"start":{"line":293,"column":32},"end":{"line":311,"column":5}}]},"152":{"type":"branch","line":294,"loc":{"start":{"line":294,"column":15},"end":{"line":294,"column":21}},"locations":[{"start":{"line":294,"column":15},"end":{"line":294,"column":21}}]},"153":{"type":"branch","line":295,"loc":{"start":{"line":295,"column":48},"end":{"line":295,"column":79}},"locations":[{"start":{"line":295,"column":48},"end":{"line":295,"column":79}}]},"154":{"type":"branch","line":295,"loc":{"start":{"line":295,"column":79},"end":{"line":302,"column":7}},"locations":[{"start":{"line":295,"column":79},"end":{"line":302,"column":7}}]},"155":{"type":"branch","line":303,"loc":{"start":{"line":303,"column":53},"end":{"line":303,"column":59}},"locations":[{"start":{"line":303,"column":53},"end":{"line":303,"column":59}}]},"156":{"type":"branch","line":303,"loc":{"start":{"line":303,"column":53},"end":{"line":310,"column":8}},"locations":[{"start":{"line":303,"column":53},"end":{"line":310,"column":8}}]},"157":{"type":"branch","line":305,"loc":{"start":{"line":305,"column":33},"end":{"line":305,"column":39}},"locations":[{"start":{"line":305,"column":33},"end":{"line":305,"column":39}}]},"158":{"type":"branch","line":306,"loc":{"start":{"line":306,"column":27},"end":{"line":310,"column":7}},"locations":[{"start":{"line":306,"column":27},"end":{"line":310,"column":7}}]},"159":{"type":"branch","line":314,"loc":{"start":{"line":314,"column":2},"end":{"line":320,"column":3}},"locations":[{"start":{"line":314,"column":2},"end":{"line":320,"column":3}}]},"160":{"type":"branch","line":327,"loc":{"start":{"line":327,"column":2},"end":{"line":435,"column":3}},"locations":[{"start":{"line":327,"column":2},"end":{"line":435,"column":3}}]},"161":{"type":"branch","line":332,"loc":{"start":{"line":332,"column":4},"end":{"line":341,"column":5}},"locations":[{"start":{"line":332,"column":4},"end":{"line":341,"column":5}}]},"162":{"type":"branch","line":333,"loc":{"start":{"line":333,"column":31},"end":{"line":333,"column":49}},"locations":[{"start":{"line":333,"column":31},"end":{"line":333,"column":49}}]},"163":{"type":"branch","line":334,"loc":{"start":{"line":334,"column":34},"end":{"line":334,"column":82}},"locations":[{"start":{"line":334,"column":34},"end":{"line":334,"column":82}}]},"164":{"type":"branch","line":341,"loc":{"start":{"line":341,"column":4},"end":{"line":342,"column":22}},"locations":[{"start":{"line":341,"column":4},"end":{"line":342,"column":22}}]},"165":{"type":"branch","line":342,"loc":{"start":{"line":342,"column":22},"end":{"line":347,"column":5}},"locations":[{"start":{"line":342,"column":22},"end":{"line":347,"column":5}}]},"166":{"type":"branch","line":343,"loc":{"start":{"line":343,"column":36},"end":{"line":343,"column":69}},"locations":[{"start":{"line":343,"column":36},"end":{"line":343,"column":69}}]},"167":{"type":"branch","line":343,"loc":{"start":{"line":343,"column":46},"end":{"line":343,"column":86}},"locations":[{"start":{"line":343,"column":46},"end":{"line":343,"column":86}}]},"168":{"type":"branch","line":347,"loc":{"start":{"line":347,"column":4},"end":{"line":349,"column":27}},"locations":[{"start":{"line":347,"column":4},"end":{"line":349,"column":27}}]},"169":{"type":"branch","line":349,"loc":{"start":{"line":349,"column":27},"end":{"line":360,"column":5}},"locations":[{"start":{"line":349,"column":27},"end":{"line":360,"column":5}}]},"170":{"type":"branch","line":357,"loc":{"start":{"line":357,"column":22},"end":{"line":357,"column":32}},"locations":[{"start":{"line":357,"column":22},"end":{"line":357,"column":32}}]},"171":{"type":"branch","line":360,"loc":{"start":{"line":360,"column":4},"end":{"line":373,"column":13}},"locations":[{"start":{"line":360,"column":4},"end":{"line":373,"column":13}}]},"172":{"type":"branch","line":372,"loc":{"start":{"line":372,"column":7},"end":{"line":373,"column":13}},"locations":[{"start":{"line":372,"column":7},"end":{"line":373,"column":13}}]},"173":{"type":"branch","line":373,"loc":{"start":{"line":373,"column":4},"end":{"line":388,"column":5}},"locations":[{"start":{"line":373,"column":4},"end":{"line":388,"column":5}}]},"174":{"type":"branch","line":376,"loc":{"start":{"line":376,"column":27},"end":{"line":376,"column":85}},"locations":[{"start":{"line":376,"column":27},"end":{"line":376,"column":85}}]},"175":{"type":"branch","line":385,"loc":{"start":{"line":385,"column":6},"end":{"line":387,"column":7}},"locations":[{"start":{"line":385,"column":6},"end":{"line":387,"column":7}}]},"176":{"type":"branch","line":388,"loc":{"start":{"line":388,"column":4},"end":{"line":390,"column":27}},"locations":[{"start":{"line":388,"column":4},"end":{"line":390,"column":27}}]},"177":{"type":"branch","line":390,"loc":{"start":{"line":390,"column":27},"end":{"line":394,"column":5}},"locations":[{"start":{"line":390,"column":27},"end":{"line":394,"column":5}}]},"178":{"type":"branch","line":394,"loc":{"start":{"line":394,"column":4},"end":{"line":420,"column":15}},"locations":[{"start":{"line":394,"column":4},"end":{"line":420,"column":15}}]},"179":{"type":"branch","line":418,"loc":{"start":{"line":418,"column":14},"end":{"line":420,"column":15}},"locations":[{"start":{"line":418,"column":14},"end":{"line":420,"column":15}}]},"180":{"type":"branch","line":420,"loc":{"start":{"line":420,"column":4},"end":{"line":432,"column":5}},"locations":[{"start":{"line":420,"column":4},"end":{"line":432,"column":5}}]},"181":{"type":"branch","line":431,"loc":{"start":{"line":431,"column":6},"end":{"line":431,"column":16}},"locations":[{"start":{"line":431,"column":6},"end":{"line":431,"column":16}}]},"182":{"type":"branch","line":432,"loc":{"start":{"line":432,"column":4},"end":{"line":434,"column":15}},"locations":[{"start":{"line":432,"column":4},"end":{"line":434,"column":15}}]},"183":{"type":"branch","line":353,"loc":{"start":{"line":353,"column":30},"end":{"line":356,"column":7}},"locations":[{"start":{"line":353,"column":30},"end":{"line":356,"column":7}}]},"184":{"type":"branch","line":354,"loc":{"start":{"line":354,"column":27},"end":{"line":354,"column":38}},"locations":[{"start":{"line":354,"column":27},"end":{"line":354,"column":38}}]},"185":{"type":"branch","line":367,"loc":{"start":{"line":367,"column":38},"end":{"line":372,"column":7}},"locations":[{"start":{"line":367,"column":38},"end":{"line":372,"column":7}}]},"186":{"type":"branch","line":368,"loc":{"start":{"line":368,"column":27},"end":{"line":368,"column":61}},"locations":[{"start":{"line":368,"column":27},"end":{"line":368,"column":61}}]},"187":{"type":"branch","line":369,"loc":{"start":{"line":369,"column":25},"end":{"line":369,"column":48}},"locations":[{"start":{"line":369,"column":25},"end":{"line":369,"column":48}}]},"188":{"type":"branch","line":370,"loc":{"start":{"line":370,"column":23},"end":{"line":370,"column":44}},"locations":[{"start":{"line":370,"column":23},"end":{"line":370,"column":44}}]},"189":{"type":"branch","line":371,"loc":{"start":{"line":371,"column":23},"end":{"line":371,"column":44}},"locations":[{"start":{"line":371,"column":23},"end":{"line":371,"column":44}}]},"190":{"type":"branch","line":381,"loc":{"start":{"line":381,"column":40},"end":{"line":384,"column":9}},"locations":[{"start":{"line":381,"column":40},"end":{"line":384,"column":9}}]},"191":{"type":"branch","line":382,"loc":{"start":{"line":382,"column":29},"end":{"line":382,"column":75}},"locations":[{"start":{"line":382,"column":29},"end":{"line":382,"column":75}}]},"192":{"type":"branch","line":382,"loc":{"start":{"line":382,"column":47},"end":{"line":382,"column":74}},"locations":[{"start":{"line":382,"column":47},"end":{"line":382,"column":74}}]},"193":{"type":"branch","line":397,"loc":{"start":{"line":397,"column":25},"end":{"line":417,"column":5}},"locations":[{"start":{"line":397,"column":25},"end":{"line":417,"column":5}}]},"194":{"type":"branch","line":408,"loc":{"start":{"line":408,"column":40},"end":{"line":416,"column":7}},"locations":[{"start":{"line":408,"column":40},"end":{"line":416,"column":7}}]},"195":{"type":"branch","line":415,"loc":{"start":{"line":415,"column":74},"end":{"line":415,"column":84}},"locations":[{"start":{"line":415,"column":74},"end":{"line":415,"column":84}}]},"196":{"type":"branch","line":402,"loc":{"start":{"line":402,"column":30},"end":{"line":407,"column":7}},"locations":[{"start":{"line":402,"column":30},"end":{"line":407,"column":7}}]},"197":{"type":"branch","line":403,"loc":{"start":{"line":403,"column":27},"end":{"line":403,"column":38}},"locations":[{"start":{"line":403,"column":27},"end":{"line":403,"column":38}}]},"198":{"type":"branch","line":410,"loc":{"start":{"line":410,"column":32},"end":{"line":413,"column":9}},"locations":[{"start":{"line":410,"column":32},"end":{"line":413,"column":9}}]},"199":{"type":"branch","line":411,"loc":{"start":{"line":411,"column":30},"end":{"line":411,"column":41}},"locations":[{"start":{"line":411,"column":30},"end":{"line":411,"column":41}}]},"200":{"type":"branch","line":415,"loc":{"start":{"line":415,"column":25},"end":{"line":415,"column":71}},"locations":[{"start":{"line":415,"column":25},"end":{"line":415,"column":71}}]},"201":{"type":"branch","line":437,"loc":{"start":{"line":437,"column":2},"end":{"line":437,"column":44}},"locations":[{"start":{"line":437,"column":2},"end":{"line":437,"column":44}}]},"202":{"type":"branch","line":438,"loc":{"start":{"line":438,"column":2},"end":{"line":438,"column":40}},"locations":[{"start":{"line":438,"column":2},"end":{"line":438,"column":40}}]},"203":{"type":"branch","line":439,"loc":{"start":{"line":439,"column":2},"end":{"line":439,"column":99}},"locations":[{"start":{"line":439,"column":2},"end":{"line":439,"column":99}}]},"204":{"type":"branch","line":439,"loc":{"start":{"line":439,"column":44},"end":{"line":439,"column":56}},"locations":[{"start":{"line":439,"column":44},"end":{"line":439,"column":56}}]},"205":{"type":"branch","line":439,"loc":{"start":{"line":439,"column":58},"end":{"line":439,"column":68}},"locations":[{"start":{"line":439,"column":58},"end":{"line":439,"column":68}}]},"206":{"type":"branch","line":439,"loc":{"start":{"line":439,"column":87},"end":{"line":439,"column":98}},"locations":[{"start":{"line":439,"column":87},"end":{"line":439,"column":98}}]},"207":{"type":"branch","line":441,"loc":{"start":{"line":441,"column":2},"end":{"line":441,"column":89}},"locations":[{"start":{"line":441,"column":2},"end":{"line":441,"column":89}}]},"208":{"type":"branch","line":442,"loc":{"start":{"line":442,"column":2},"end":{"line":442,"column":66}},"locations":[{"start":{"line":442,"column":2},"end":{"line":442,"column":66}}]}},"b":{"0":[51],"1":[0],"2":[3],"3":[49],"4":[2],"5":[0],"6":[50],"7":[50],"8":[49],"9":[2],"10":[45],"11":[0],"12":[43],"13":[0],"14":[959],"15":[0],"16":[7],"17":[906],"18":[0],"19":[50],"20":[42],"21":[33],"22":[17],"23":[0],"24":[53],"25":[3],"26":[51],"27":[3],"28":[50],"29":[0],"30":[50],"31":[50],"32":[33],"33":[52],"34":[2],"35":[50],"36":[43],"37":[12],"38":[7],"39":[0],"40":[7],"41":[3],"42":[4],"43":[6],"44":[4],"45":[0],"46":[7],"47":[46],"48":[7],"49":[39],"50":[7],"51":[32],"52":[6],"53":[39],"54":[6],"55":[6],"56":[1655],"57":[1617],"58":[1615],"59":[11],"60":[9],"61":[0],"62":[9],"63":[9],"64":[3],"65":[53],"66":[40],"67":[38],"68":[15],"69":[31],"70":[25],"71":[4],"72":[11],"73":[27],"74":[0],"75":[11],"76":[27],"77":[0],"78":[13],"79":[11],"80":[9],"81":[0],"82":[25],"83":[11],"84":[3],"85":[0],"86":[11],"87":[3],"88":[0],"89":[0],"90":[0],"91":[
[...]
91,"column":11}},"line":186},"27":{"name":"curEv.onerror","decl":{"start":{"line":192,"column":26},"end":{"line":192,"column":48}},"loc":{"start":{"line":192,"column":26},"end":{"line":192,"column":48}},"line":192},"28":{"name":"chosen","decl":{"start":{"line":202,"column":88},"end":{"line":221,"column":7}},"loc":{"start":{"line":202,"column":88},"end":{"line":221,"column":7}},"line":202},"29":{"name":"curReq.onsuccess","decl":{"start":{"line":203,"column":27},"end":{"line":219,"column":9}},"loc":{"start":{"line":203,"column":27},"end":{"line":219,"column":9}},"line":203},"30":{"name":"curReq.onerror","decl":{"start":{"line":220,"column":25},"end":{"line":220,"column":48}},"loc":{"start":{"line":220,"column":25},"end":{"line":220,"column":48}},"line":220},"31":{"name":"applyTail","decl":{"start":{"line":239,"column":2},"end":{"line":259,"column":3}},"loc":{"start":{"line":239,"column":2},"end":{"line":259,"column":3}},"line":239},"32":{"name":"cursorReq.onsuccess","decl":{"start":{"line":245,"column":28},"end":{"line":256,"column":7}},"loc":{"start":{"line":245,"column":28},"end":{"line":256,"column":7}},"line":245},"33":{"name":"cursorReq.onerror","decl":{"start":{"line":257,"column":26},"end":{"line":257,"column":52}},"loc":{"start":{"line":257,"column":26},"end":{"line":257,"column":52}},"line":257},"34":{"name":"persistCurrent","decl":{"start":{"line":261,"column":2},"end":{"line":271,"column":3}},"loc":{"start":{"line":261,"column":2},"end":{"line":271,"column":3}},"line":261},"35":{"name":"req.onsuccess","decl":{"start":{"line":266,"column":22},"end":{"line":266,"column":33}},"loc":{"start":{"line":266,"column":22},"end":{"line":266,"column":33}},"line":266},"36":{"name":"req.onerror","decl":{"start":{"line":267,"column":20},"end":{"line":267,"column":40}},"loc":{"start":{"line":267,"column":20},"end":{"line":267,"column":40}},"line":267},"37":{"name":"t.onabort","decl":{"start":{"line":268,"column":18},"end":{"line":268,"column":36}},"loc":{"start":{"line":268,"column":18},"end":{"line":268,"column":36}},"line":268},"38":{"name":"t.onerror","decl":{"start":{"line":269,"column":18},"end":{"line":269,"column":36}},"loc":{"start":{"line":269,"column":18},"end":{"line":269,"column":36}},"line":269},"39":{"name":"rehydrate","decl":{"start":{"line":314,"column":2},"end":{"line":320,"column":3}},"loc":{"start":{"line":314,"column":2},"end":{"line":320,"column":3}},"line":314},"40":{"name":"append","decl":{"start":{"line":327,"column":2},"end":{"line":435,"column":3}},"loc":{"start":{"line":327,"column":2},"end":{"line":435,"column":3}},"line":327},"41":{"name":"addReq.onsuccess","decl":{"start":{"line":354,"column":27},"end":{"line":354,"column":38}},"loc":{"start":{"line":354,"column":27},"end":{"line":354,"column":38}},"line":354},"42":{"name":"addReq.onerror","decl":{"start":{"line":355,"column":25},"end":{"line":355,"column":48}},"loc":{"start":{"line":355,"column":25},"end":{"line":355,"column":48}},"line":355},"43":{"name":"seq","decl":{"start":{"line":367,"column":38},"end":{"line":372,"column":7}},"loc":{"start":{"line":367,"column":38},"end":{"line":372,"column":7}},"line":367},"44":{"name":"addReq.onsuccess","decl":{"start":{"line":368,"column":27},"end":{"line":368,"column":61}},"loc":{"start":{"line":368,"column":27},"end":{"line":368,"column":61}},"line":368},"45":{"name":"addReq.onerror","decl":{"start":{"line":369,"column":25},"end":{"line":369,"column":48}},"loc":{"start":{"line":369,"column":25},"end":{"line":369,"column":48}},"line":369},"46":{"name":"tAdd.onabort","decl":{"start":{"line":370,"column":23},"end":{"line":370,"column":44}},"loc":{"start":{"line":370,"column":23},"end":{"line":370,"column":44}},"line":370},"47":{"name":"tAdd.onerror","decl":{"start":{"line":371,"column":23},"end":{"line":371,"column":44}},"loc":{"start":{"line":371,"column":23},"end":{"line":371,"column":44}},"line":371},"48":{"name":"seq","decl":{"start":{"line":381,"column":40},"end":{"line":384,"column":9}},"loc":{"start":{"line":381,"column":40},"end":{"line":384,"column":9}},"line":381},"49":{"name":"getReq.onsuccess","decl":{"start":{"line":382,"column":29},"end":{"line":382,"column":75}},"loc":{"start":{"line":382,"column":29},"end":{"line":382,"column":75}},"line":382},"50":{"name":"getReq.onerror","decl":{"start":{"line":383,"column":27},"end":{"line":383,"column":50}},"loc":{"start":{"line":383,"column":27},"end":{"line":383,"column":50}},"line":383},"51":{"name":"putReq.onsuccess","decl":{"start":{"line":403,"column":27},"end":{"line":403,"column":38}},"loc":{"start":{"line":403,"column":27},"end":{"line":403,"column":38}},"line":403},"52":{"name":"putReq.onerror","decl":{"start":{"line":404,"column":25},"end":{"line":404,"column":48}},"loc":{"start":{"line":404,"column":25},"end":{"line":404,"column":48}},"line":404},"53":{"name":"tPersist.onabort","decl":{"start":{"line":405,"column":27},"end":{"line":405,"column":52}},"loc":{"start":{"line":405,"column":27},"end":{"line":405,"column":52}},"line":405},"54":{"name":"tPersist.onerror","decl":{"start":{"line":406,"column":27},"end":{"line":406,"column":52}},"loc":{"start":{"line":406,"column":27},"end":{"line":406,"column":52}},"line":406},"55":{"name":"snapPut.onsuccess","decl":{"start":{"line":411,"column":30},"end":{"line":411,"column":41}},"loc":{"start":{"line":411,"column":30},"end":{"line":411,"column":41}},"line":411},"56":{"name":"snapPut.onerror","decl":{"start":{"line":412,"column":28},"end":{"line":412,"column":52}},"loc":{"start":{"line":412,"column":28},"end":{"line":412,"column":52}},"line":412},"57":{"name":"getState","decl":{"start":{"line":437,"column":2},"end":{"line":437,"column":44}},"loc":{"start":{"line":437,"column":2},"end":{"line":437,"column":44}},"line":437},"58":{"name":"getHeight","decl":{"start":{"line":438,"column":2},"end":{"line":438,"column":40}},"loc":{"start":{"line":438,"column":2},"end":{"line":438,"column":40}},"line":438},"59":{"name":"close","decl":{"start":{"line":439,"column":2},"end":{"line":439,"column":99}},"loc":{"start":{"line":439,"column":2},"end":{"line":439,"column":99}},"line":439},"60":{"name":"subscribe","decl":{"start":{"line":440,"column":2},"end":{"line":440,"column":119}},"loc":{"start":{"line":440,"column":2},"end":{"line":440,"column":119}},"line":440},"61":{"name":"setTestAppendFailure","decl":{"start":{"line":441,"column":2},"end":{"line":441,"column":89}},"loc":{"start":{"line":441,"column":2},"end":{"line":441,"column":89}},"line":441},"62":{"name":"setTestAbortAfterAddOnce","decl":{"start":{"line":442,"column":2},"end":{"line":442,"column":66}},"loc":{"start":{"line":442,"column":2},"end":{"line":442,"column":66}},"line":442}},"f":{"0":51,"1":0,"2":45,"3":959,"4":7,"5":906,"6":50,"7":53,"8":50,"9":50,"10":0,"11":52,"12":46,"13":0,"14":6,"15":0,"16":1655,"17":11,"18":53,"19":3,"20":1537,"21":53,"22":53,"23":53,"24":0,"25":42,"26":42,"27":0,"28":42,"29":44,"30":0,"31":959,"32":2496,"33":0,"34":68,"35":68,"36":0,"37":0,"38":0,"39":53,"40":896,"41":1,"42":0,"43":891,"44":889,"45":2,"46":2,"47":2,"48":2,"49":2,"50":0,"51":891,"52":0,"53":0,"54":0,"55":52,"56":0,"57":62,"58":45,"59":51,"60":0,"61":2,"62":1}}
,"/Users/mbp/Development/el-dorado-score-keeper/lib/state/logic.ts": {"path":"/Users/mbp/Development/el-dorado-score-keeper/lib/state/logic.ts","all":false,"statementMap":{"2":{"start":{"line":3,"column":0},"end":{"line":3,"column":30}},"4":{"start":{"line":5,"column":0},"end":{"line":5,"column":57}},"5":{"start":{"line":6,"column":0},"end":{"line":6,"column":60}},"6":{"start":{"line":7,"column":0},"end":{"line":7,"column":1}},"8":{"start":{"line":9,"column":0},"end":{"line":9,"column":62}},"9":{"start":{"line":10,"column":0},"end":{"line":10,"column":35}},"10":{"start":{"line":11,"column":0},"end":{"line":11,"column":52}},"11":{"start":{"line":12,"column":0},"end":{"line":12,"column":1}},"13":{"start":{"line":14,"column":0},"end":{"line":14,"column":83}},"14":{"start":{"line":15,"column":0},"end":{"line":15,"column":28}},"15":{"start":{"line":16,"column":0},"end":{"line":16,"column":34}},"16":{"start":{"line":17,"column":0},"end":{"line":17,"column":31}},"17":{"start":{"line":18,"column":0},"end":{"line":18,"column":1}},"19":{"start":{"line":20,"column":0},"end":{"line":20,"column":88}},"20":{"start":{"line":21,"column":0},"end":{"line":21,"column":46}},"21":{"start":{"line":22,"column":0},"end":{"line":22,"column":36}},"22":{"start":{"line":23,"column":0},"end":{"line":23,"column":90}},"23":{"start":{"line":24,"column":0},"end":{"line":24,"column":3}},"24":{"start":{"line":25,"column":0},"end":{"line":25,"column":15}},"25":{"start":{"line":26,"column":0},"end":{"line":26,"column":1}},"27":{"start":{"line":28,"column":0},"end":{"line":28,"column":72}},"28":{"start":{"line":29,"column":0},"end":{"line":29,"column":73}},"29":{"start":{"line":30,"column":0},"end":{"line":30,"column":33}},"30":{"start":{"line":31,"column":0},"end":{"line":31,"column":48}},"31":{"start":{"line":32,"column":0},"end":{"line":32,"column":32}},"32":{"start":{"line":33,"column":0},"end":{"line":33,"column":50}},"33":{"start":{"line":34,"column":0},"end":{"line":34,"column":60}},"34":{"start":{"line":35,"column":0},"end":{"line":35,"column":3}},"35":{"start":{"line":36,"column":0},"end":{"line":36,"column":85}},"36":{"start":{"line":37,"column":0},"end":{"line":37,"column":29}},"37":{"start":{"line":38,"column":0},"end":{"line":38,"column":30}},"38":{"start":{"line":39,"column":0},"end":{"line":39,"column":36}},"39":{"start":{"line":40,"column":0},"end":{"line":40,"column":51}},"40":{"start":{"line":41,"column":0},"end":{"line":41,"column":3}},"41":{"start":{"line":42,"column":0},"end":{"line":42,"column":36}},"42":{"start":{"line":43,"column":0},"end":{"line":43,"column":1}}},"s":{"2":1,"4":1,"5":842,"6":842,"8":1,"9":831,"10":831,"11":831,"13":1,"14":435,"15":431,"16":435,"17":435,"19":1,"20":2,"21":2,"22":20,"23":20,"24":2,"25":2,"27":1,"28":122,"29":122,"30":122,"31":421,"32":421,"33":421,"34":421,"35":122,"36":122,"37":122,"38":122,"39":79,"40":79,"41":122,"42":122},"branchMap":{"0":{"type":"branch","line":5,"loc":{"start":{"line":5,"column":7},"end":{"line":7,"column":1}},"locations":[{"start":{"line":5,"column":7},"end":{"line":7,"column":1}}]},"1":{"type":"branch","line":9,"loc":{"start":{"line":9,"column":7},"end":{"line":12,"column":1}},"locations":[{"start":{"line":9,"column":7},"end":{"line":12,"column":1}}]},"2":{"type":"branch","line":14,"loc":{"start":{"line":14,"column":7},"end":{"line":18,"column":1}},"locations":[{"start":{"line":14,"column":7},"end":{"line":18,"column":1}}]},"3":{"type":"branch","line":15,"loc":{"start":{"line":15,"column":20},"end":{"line":15,"column":28}},"locations":[{"start":{"line":15,"column":20},"end":{"line":15,"column":28}}]},"4":{"type":"branch","line":15,"loc":{"start":{"line":15,"column":27},"end":{"line":17,"column":17}},"locations":[{"start":{"line":15,"column":27},"end":{"line":17,"column":17}}]},"5":{"type":"branch","line":17,"loc":{"start":{"line":17,"column":10},"end":{"line":17,"column":21}},"locations":[{"start":{"line":17,"column":10},"end":{"line":17,"column":21}}]},"6":{"type":"branch","line":17,"loc":{"start":{"line":17,"column":17},"end":{"line":17,"column":27}},"locations":[{"start":{"line":17,"column":17},"end":{"line":17,"column":27}}]},"7":{"type":"branch","line":20,"loc":{"start":{"line":20,"column":7},"end":{"line":26,"column":1}},"locations":[{"start":{"line":20,"column":7},"end":{"line":26,"column":1}}]},"8":{"type":"branch","line":22,"loc":{"start":{"line":22,"column":35},"end":{"line":24,"column":3}},"locations":[{"start":{"line":22,"column":35},"end":{"line":24,"column":3}}]},"9":{"type":"branch","line":23,"loc":{"start":{"line":23,"column":31},"end":{"line":23,"column":47}},"locations":[{"start":{"line":23,"column":31},"end":{"line":23,"column":47}}]},"10":{"type":"branch","line":23,"loc":{"start":{"line":23,"column":35},"end":{"line":23,"column":57}},"locations":[{"start":{"line":23,"column":35},"end":{"line":23,"column":57}}]},"11":{"type":"branch","line":28,"loc":{"start":{"line":28,"column":7},"end":{"line":43,"column":1}},"locations":[{"start":{"line":28,"column":7},"end":{"line":43,"column":1}}]},"12":{"type":"branch","line":29,"loc":{"start":{"line":29,"column":29},"end":{"line":29,"column":73}},"locations":[{"start":{"line":29,"column":29},"end":{"line":29,"column":73}}]},"13":{"type":"branch","line":31,"loc":{"start":{"line":31,"column":47},"end":{"line":35,"column":3}},"locations":[{"start":{"line":31,"column":47},"end":{"line":35,"column":3}}]},"14":{"type":"branch","line":32,"loc":{"start":{"line":32,"column":26},"end":{"line":32,"column":32}},"locations":[{"start":{"line":32,"column":26},"end":{"line":32,"column":32}}]},"15":{"type":"branch","line":33,"loc":{"start":{"line":33,"column":28},"end":{"line":33,"column":50}},"locations":[{"start":{"line":33,"column":28},"end":{"line":33,"column":50}}]},"16":{"type":"branch","line":34,"loc":{"start":{"line":34,"column":29},"end":{"line":34,"column":39}},"locations":[{"start":{"line":34,"column":29},"end":{"line":34,"column":39}}]},"17":{"type":"branch","line":39,"loc":{"start":{"line":39,"column":6},"end":{"line":39,"column":35}},"locations":[{"start":{"line":39,"column":6},"end":{"line":39,"column":35}}]},"18":{"type":"branch","line":39,"loc":{"start":{"line":39,"column":35},"end":{"line":41,"column":3}},"locations":[{"start":{"line":39,"column":35},"end":{"line":41,"column":3}}]}},"b":{"0":[842],"1":[831],"2":[435],"3":[4],"4":[431],"5":[57],"6":[374],"7":[2],"8":[20],"9":[2],"10":[18],"11":[122],"12":[0],"13":[421],"14":[276],"15":[345],"16":[28],"17":[112],"18":[79]},"fnMap":{"0":{"name":"tricksForRound","decl":{"start":{"line":5,"column":7},"end":{"line":7,"column":1}},"loc":{"start":{"line":5,"column":7},"end":{"line":7,"column":1}},"line":5},"1":{"name":"clampBid","decl":{"start":{"line":9,"column":7},"end":{"line":12,"column":1}},"loc":{"start":{"line":9,"column":7},"end":{"line":12,"column":1}},"line":9},"2":{"name":"roundDelta","decl":{"start":{"line":14,"column":7},"end":{"line":18,"column":1}},"loc":{"start":{"line":14,"column":7},"end":{"line":18,"column":1}},"line":14},"3":{"name":"initialRounds","decl":{"start":{"line":20,"column":7},"end":{"line":26,"column":1}},"loc":{"start":{"line":20,"column":7},"end":{"line":26,"column":1}},"line":20},"4":{"name":"finalizeRound","decl":{"start":{"line":28,"column":7},"end":{"line":43,"column":1}},"loc":{"start":{"line":28,"column":7},"end":{"line":43,"column":1}},"line":28}},"f":{"0":842,"1":831,"2":435,"3":2,"4":122}}
,"/Users/mbp/Development/el-dorado-score-keeper/lib/state/validation.ts": {"path":"/Users/mbp/Development/el-dorado-score-keeper/lib/state/validation.ts","all":false,"statementMap":{"0":{"start":{"line":1,"column":0},"end":{"line":1,"column":23}},"3":{"start":{"line":4,"column":0},"end":{"line":4,"column":34}},"4":{"start":{"line":5,"column":0},"end":{"line":5,"column":28}},"5":{"start":{"line":6,"column":0},"end":{"line":6,"column":34}},"6":{"start":{"line":7,"column":0},"end":{"line":7,"column":44}},"7":{"start":{"line":8,"column":0},"end":{"line":8,"column":19}},"8":{"start":{"line":9,"column":0},"end":{"line":9,"column":30}},"10":{"start":{"line":11,"column":0},"end":{"line":11,"column":93}},"12":{"start":{"line":13,"column":0},"end":{"line":13,"column":69}},"13":{"start":{"line":14,"column":0},"end":{"line":14,"column":51}},"14":{"start":{"line":15,"column":0},"end":{"line":15,"column":53}},"15":{"start":{"line":16,"column":0},"end":{"line":16,"column":37}},"16":{"start":{"line":17,"column":0},"end":{"line":17,"column":68}},"17":{"start":{"line":18,"column":0},"end":{"line":18,"column":60}},"18":{"start":{"line":19,"column":0},"end":{"line":19,"column":80}},"19":{"start":{"line":20,"column":0},"end":{"line":20,"column":63}},"20":{"start":{"line":21,"column":0},"end":{"line":21,"column":40}},"21":{"start":{"line":22,"column":0},"end":{"line":22,"column":1}},"23":{"start":{"line":24,"column":0},"end":{"line":24,"column":33}},"24":{"start":{"line":25,"column":0},"end":{"line":25,"column":20}},"25":{"start":{"line":26,"column":0},"end":{"line":26,"column":26}},"26":{"start":{"line":27,"column":0},"end":{"line":27,"column":23}},"27":{"start":{"line":28,"column":0},"end":{"line":28,"column":5}},"28":{"start":{"line":29,"column":0},"end":{"line":29,"column":2}},"35":{"start":{"line":36,"column":0},"end":{"line":36,"column":65}},"36":{"start":{"line":37,"column":0},"end":{"line":37,"column":42}},"37":{"start":{"line":38,"column":0},"end":{"line":38,"column":22}},"38":{"start":{"line":39,"column":0},"end":{"line":39,"column":104}},"39":{"start":{"line":40,"column":0},"end":{"line":40,"column":45}},"40":{"start":{"line":41,"column":0},"end":{"line":41,"column":43}},"41":{"start":{"line":42,"column":0},"end":{"line":42,"column":27}},"42":{"start":{"line":43,"column":0},"end":{"line":43,"column":12}},"43":{"start":{"line":44,"column":0},"end":{"line":44,"column":3}},"44":{"start":{"line":45,"column":0},"end":{"line":45,"column":36}},"45":{"start":{"line":46,"column":0},"end":{"line":46,"column":31}},"46":{"start":{"line":47,"column":0},"end":{"line":47,"column":94}},"47":{"start":{"line":48,"column":0},"end":{"line":48,"column":44}},"48":{"start":{"line":49,"column":0},"end":{"line":49,"column":42}},"49":{"start":{"line":50,"column":0},"end":{"line":50,"column":27}},"50":{"start":{"line":51,"column":0},"end":{"line":51,"column":12}},"51":{"start":{"line":52,"column":0},"end":{"line":52,"column":3}},"52":{"start":{"line":53,"column":0},"end":{"line":53,"column":50}},"53":{"start":{"line":54,"column":0},"end":{"line":54,"column":53}},"54":{"start":{"line":55,"column":0},"end":{"line":55,"column":25}},"55":{"start":{"line":56,"column":0},"end":{"line":56,"column":103}},"56":{"start":{"line":57,"column":0},"end":{"line":57,"column":47}},"57":{"start":{"line":58,"column":0},"end":{"line":58,"column":45}},"58":{"start":{"line":59,"column":0},"end":{"line":59,"column":27}},"59":{"start":{"line":60,"column":0},"end":{"line":60,"column":12}},"60":{"start":{"line":61,"column":0},"end":{"line":61,"column":3}},"61":{"start":{"line":62,"column":0},"end":{"line":62,"column":90}},"62":{"start":{"line":63,"column":0},"end":{"line":63,"column":1}}},"s":{"0":1,"3":1,"4":1,"5":1,"6":1,"7":1,"8":1,"10":1,"12":1,"13":1,"14":1,"15":1,"16":1,"17":1,"18":1,"19":1,"20":1,"21":1,"23":1,"24":1,"25":1,"26":1,"27":1,"28":1,"35":1,"36":896,"37":896,"38":0,"39":0,"40":0,"41":0,"42":0,"43":0,"44":896,"45":896,"46":1,"47":1,"48":1,"49":1,"50":1,"51":1,"52":895,"53":895,"54":896,"55":1,"56":1,"57":1,"58":1,"59":1,"60":1,"61":894,"62":894},"branchMap":{"0":{"type":"branch","line":36,"loc":{"start":{"line":36,"column":7},"end":{"line":63,"column":1}},"locations":[{"start":{"line":36,"column":7},"end":{"line":63,"column":1}}]},"1":{"type":"branch","line":38,"loc":{"start":{"line":38,"column":21},"end":{"line":44,"column":3}},"locations":[{"start":{"line":38,"column":21},"end":{"line":44,"column":3}}]},"2":{"type":"branch","line":46,"loc":{"start":{"line":46,"column":30},"end":{"line":52,"column":3}},"locations":[{"start":{"line":46,"column":30},"end":{"line":52,"column":3}}]},"3":{"type":"branch","line":52,"loc":{"start":{"line":52,"column":2},"end":{"line":55,"column":24}},"locations":[{"start":{"line":52,"column":2},"end":{"line":55,"column":24}}]},"4":{"type":"branch","line":55,"loc":{"start":{"line":55,"column":24},"end":{"line":63,"column":1}},"locations":[{"start":{"line":55,"column":24},"end":{"line":63,"column":1}}]},"5":{"type":"branch","line":55,"loc":{"start":{"line":55,"column":24},"end":{"line":61,"column":3}},"locations":[{"start":{"line":55,"column":24},"end":{"line":61,"column":3}}]}},"b":{"0":[896],"1":[0],"2":[1],"3":[895],"4":[894],"5":[1]},"fnMap":{"0":{"name":"validateEventStrict","decl":{"start":{"line":36,"column":7},"end":{"line":63,"column":1}},"loc":{"start":{"line":36,"column":7},"end":{"line":63,"column":1}},"line":36}},"f":{"0":896}}
}
